Command line invocation:
    /Applications/Xcode.app/Contents/Developer/usr/bin/xcodebuild -project ../Groupo.xcodeproj -scheme Groupo -destination "platform=iOS Simulator,name=iPhone 17" build

2026-02-18 00:27:30.390 xcodebuild[97189:9517628] [MT] IDERunDestination: Supported platforms for the buildables in the current scheme is empty.
ComputePackagePrebuildTargetDependencyGraph

Prepare packages

CreateBuildRequest

SendProjectDescription

CreateBuildOperation

ComputeTargetDependencyGraph
note: Building targets in dependency order
note: Target dependency graph (1 target)
    Target 'Groupo' in project 'Groupo' (no dependencies)

GatherProvisioningInputs

CreateBuildDescription

ExecuteExternalTool /Applications/Xcode.app/Contents/Developer/Toolchains/XcodeDefault.xctoolchain/usr/bin/clang -v -E -dM -isysroot /Applications/Xcode.app/Contents/Developer/Platforms/iPhoneSimulator.platform/Developer/SDKs/iPhoneSimulator26.0.sdk -x c -c /dev/null

ExecuteExternalTool /Applications/Xcode.app/Contents/Developer/usr/bin/actool --print-asset-tag-combinations --output-format xml1 /Users/joaoigor/Developer/Groupo/Groupo/Groupo/Resources/Assets.xcassets

ExecuteExternalTool /Applications/Xcode.app/Contents/Developer/usr/bin/actool --version --output-format xml1

ExecuteExternalTool /Applications/Xcode.app/Contents/Developer/Toolchains/XcodeDefault.xctoolchain/usr/bin/swiftc --version

ExecuteExternalTool /Applications/Xcode.app/Contents/Developer/Toolchains/XcodeDefault.xctoolchain/usr/bin/ld -version_details

Build description signature: a6e607f9943ac75fe09aa91fecd9e637
Build description path: /Users/joaoigor/Library/Developer/Xcode/DerivedData/Groupo-dkbenmrrrxpeuaeafdvsadkrpzpe/Build/Intermediates.noindex/XCBuildData/a6e607f9943ac75fe09aa91fecd9e637.xcbuilddata
ClangStatCache /Applications/Xcode.app/Contents/Developer/Toolchains/XcodeDefault.xctoolchain/usr/bin/clang-stat-cache /Applications/Xcode.app/Contents/Developer/Platforms/iPhoneSimulator.platform/Developer/SDKs/iPhoneSimulator26.0.sdk /Users/joaoigor/Library/Developer/Xcode/DerivedData/SDKStatCaches.noindex/iphonesimulator26.0-23A339-26257891a6c027eb51374368541b8346.sdkstatcache
    cd /Users/joaoigor/Developer/Groupo/Groupo.xcodeproj
    /Applications/Xcode.app/Contents/Developer/Toolchains/XcodeDefault.xctoolchain/usr/bin/clang-stat-cache /Applications/Xcode.app/Contents/Developer/Platforms/iPhoneSimulator.platform/Developer/SDKs/iPhoneSimulator26.0.sdk -o /Users/joaoigor/Library/Developer/Xcode/DerivedData/SDKStatCaches.noindex/iphonesimulator26.0-23A339-26257891a6c027eb51374368541b8346.sdkstatcache

CpResource /Users/joaoigor/Library/Developer/Xcode/DerivedData/Groupo-dkbenmrrrxpeuaeafdvsadkrpzpe/Build/Products/Debug-iphonesimulator/Groupo.app/build_retry_4.log /Users/joaoigor/Developer/Groupo/Groupo/build_retry_4.log (in target 'Groupo' from project 'Groupo')
    cd /Users/joaoigor/Developer/Groupo
    builtin-copy -exclude .DS_Store -exclude CVS -exclude .svn -exclude .git -exclude .hg -resolve-src-symlinks /Users/joaoigor/Developer/Groupo/Groupo/build_retry_4.log /Users/joaoigor/Library/Developer/Xcode/DerivedData/Groupo-dkbenmrrrxpeuaeafdvsadkrpzpe/Build/Products/Debug-iphonesimulator/Groupo.app

CpResource /Users/joaoigor/Library/Developer/Xcode/DerivedData/Groupo-dkbenmrrrxpeuaeafdvsadkrpzpe/Build/Products/Debug-iphonesimulator/Groupo.app/build_retry_3.log /Users/joaoigor/Developer/Groupo/Groupo/build_retry_3.log (in target 'Groupo' from project 'Groupo')
    cd /Users/joaoigor/Developer/Groupo
    builtin-copy -exclude .DS_Store -exclude CVS -exclude .svn -exclude .git -exclude .hg -resolve-src-symlinks /Users/joaoigor/Developer/Groupo/Groupo/build_retry_3.log /Users/joaoigor/Library/Developer/Xcode/DerivedData/Groupo-dkbenmrrrxpeuaeafdvsadkrpzpe/Build/Products/Debug-iphonesimulator/Groupo.app

ProcessInfoPlistFile /Users/joaoigor/Library/Developer/Xcode/DerivedData/Groupo-dkbenmrrrxpeuaeafdvsadkrpzpe/Build/Products/Debug-iphonesimulator/Groupo.app/Info.plist /Users/joaoigor/Library/Developer/Xcode/DerivedData/Groupo-dkbenmrrrxpeuaeafdvsadkrpzpe/Build/Intermediates.noindex/Groupo.build/Debug-iphonesimulator/Groupo.build/empty-Groupo.plist (in target 'Groupo' from project 'Groupo')
    cd /Users/joaoigor/Developer/Groupo
    builtin-infoPlistUtility /Users/joaoigor/Library/Developer/Xcode/DerivedData/Groupo-dkbenmrrrxpeuaeafdvsadkrpzpe/Build/Intermediates.noindex/Groupo.build/Debug-iphonesimulator/Groupo.build/empty-Groupo.plist -producttype com.apple.product-type.application -genpkginfo /Users/joaoigor/Library/Developer/Xcode/DerivedData/Groupo-dkbenmrrrxpeuaeafdvsadkrpzpe/Build/Products/Debug-iphonesimulator/Groupo.app/PkgInfo -expandbuildsettings -format binary -platform iphonesimulator -additionalcontentfile /Users/joaoigor/Library/Developer/Xcode/DerivedData/Groupo-dkbenmrrrxpeuaeafdvsadkrpzpe/Build/Intermediates.noindex/Groupo.build/Debug-iphonesimulator/Groupo.build/assetcatalog_generated_info.plist -o /Users/joaoigor/Library/Developer/Xcode/DerivedData/Groupo-dkbenmrrrxpeuaeafdvsadkrpzpe/Build/Products/Debug-iphonesimulator/Groupo.app/Info.plist

SwiftDriver Groupo normal arm64 com.apple.xcode.tools.swift.compiler (in target 'Groupo' from project 'Groupo')
    cd /Users/joaoigor/Developer/Groupo
    builtin-SwiftDriver -- /Applications/Xcode.app/Contents/Developer/Toolchains/XcodeDefault.xctoolchain/usr/bin/swiftc -module-name Groupo -Onone -enforce-exclusivity\=checked @/Users/joaoigor/Library/Developer/Xcode/DerivedData/Groupo-dkbenmrrrxpeuaeafdvsadkrpzpe/Build/Intermediates.noindex/Groupo.build/Debug-iphonesimulator/Groupo.build/Objects-normal/arm64/Groupo.SwiftFileList -DDEBUG -default-isolation\=MainActor -enable-bare-slash-regex -enable-upcoming-feature DisableOutwardActorInference -enable-upcoming-feature InferSendableFromCaptures -enable-upcoming-feature GlobalActorIsolatedTypesUsability -enable-upcoming-feature MemberImportVisibility -enable-upcoming-feature InferIsolatedConformances -enable-upcoming-feature NonisolatedNonsendingByDefault -enable-experimental-feature DebugDescriptionMacro -sdk /Applications/Xcode.app/Contents/Developer/Platforms/iPhoneSimulator.platform/Developer/SDKs/iPhoneSimulator26.0.sdk -target arm64-apple-ios26.0-simulator -g -module-cache-path /Users/joaoigor/Library/Developer/Xcode/DerivedData/ModuleCache.noindex -Xfrontend -serialize-debugging-options -enable-testing -index-store-path /Users/joaoigor/Library/Developer/Xcode/DerivedData/Groupo-dkbenmrrrxpeuaeafdvsadkrpzpe/Index.noindex/DataStore -Xcc -D_LIBCPP_HARDENING_MODE\=_LIBCPP_HARDENING_MODE_DEBUG -swift-version 5 -I /Users/joaoigor/Library/Developer/Xcode/DerivedData/Groupo-dkbenmrrrxpeuaeafdvsadkrpzpe/Build/Products/Debug-iphonesimulator -F /Users/joaoigor/Library/Developer/Xcode/DerivedData/Groupo-dkbenmrrrxpeuaeafdvsadkrpzpe/Build/Products/Debug-iphonesimulator -emit-localized-strings -emit-localized-strings-path /Users/joaoigor/Library/Developer/Xcode/DerivedData/Groupo-dkbenmrrrxpeuaeafdvsadkrpzpe/Build/Intermediates.noindex/Groupo.build/Debug-iphonesimulator/Groupo.build/Objects-normal/arm64 -c -j11 -enable-batch-mode -incremental -Xcc -ivfsstatcache -Xcc /Users/joaoigor/Library/Developer/Xcode/DerivedData/SDKStatCaches.noindex/iphonesimulator26.0-23A339-26257891a6c027eb51374368541b8346.sdkstatcache -output-file-map /Users/joaoigor/Library/Developer/Xcode/DerivedData/Groupo-dkbenmrrrxpeuaeafdvsadkrpzpe/Build/Intermediates.noindex/Groupo.build/Debug-iphonesimulator/Groupo.build/Objects-normal/arm64/Groupo-OutputFileMap.json -use-frontend-parseable-output -save-temps -no-color-diagnostics -explicit-module-build -module-cache-path /Users/joaoigor/Library/Developer/Xcode/DerivedData/Groupo-dkbenmrrrxpeuaeafdvsadkrpzpe/Build/Intermediates.noindex/SwiftExplicitPrecompiledModules -clang-scanner-module-cache-path /Users/joaoigor/Library/Developer/Xcode/DerivedData/ModuleCache.noindex -sdk-module-cache-path /Users/joaoigor/Library/Developer/Xcode/DerivedData/ModuleCache.noindex -serialize-diagnostics -emit-dependencies -emit-module -emit-module-path /Users/joaoigor/Library/Developer/Xcode/DerivedData/Groupo-dkbenmrrrxpeuaeafdvsadkrpzpe/Build/Intermediates.noindex/Groupo.build/Debug-iphonesimulator/Groupo.build/Objects-normal/arm64/Groupo.swiftmodule -validate-clang-modules-once -clang-build-session-file /Users/joaoigor/Library/Developer/Xcode/DerivedData/ModuleCache.noindex/Session.modulevalidation -Xcc -I/Users/joaoigor/Library/Developer/Xcode/DerivedData/Groupo-dkbenmrrrxpeuaeafdvsadkrpzpe/Build/Intermediates.noindex/Groupo.build/Debug-iphonesimulator/Groupo.build/swift-overrides.hmap -emit-const-values -Xfrontend -const-gather-protocols-file -Xfrontend /Users/joaoigor/Library/Developer/Xcode/DerivedData/Groupo-dkbenmrrrxpeuaeafdvsadkrpzpe/Build/Intermediates.noindex/Groupo.build/Debug-iphonesimulator/Groupo.build/Objects-normal/arm64/Groupo_const_extract_protocols.json -Xcc -iquote -Xcc /Users/joaoigor/Library/Developer/Xcode/DerivedData/Groupo-dkbenmrrrxpeuaeafdvsadkrpzpe/Build/Intermediates.noindex/Groupo.build/Debug-iphonesimulator/Groupo.build/Groupo-generated-files.hmap -Xcc -I/Users/joaoigor/Library/Developer/Xcode/DerivedData/Groupo-dkbenmrrrxpeuaeafdvsadkrpzpe/Build/Intermediates.noindex/Groupo.build/Debug-iphonesimulator/Groupo.build/Groupo-own-target-headers.hmap -Xcc -I/Users/joaoigor/Library/Developer/Xcode/DerivedData/Groupo-dkbenmrrrxpeuaeafdvsadkrpzpe/Build/Intermediates.noindex/Groupo.build/Debug-iphonesimulator/Groupo.build/Groupo-all-target-headers.hmap -Xcc -iquote -Xcc /Users/joaoigor/Library/Developer/Xcode/DerivedData/Groupo-dkbenmrrrxpeuaeafdvsadkrpzpe/Build/Intermediates.noindex/Groupo.build/Debug-iphonesimulator/Groupo.build/Groupo-project-headers.hmap -Xcc -I/Users/joaoigor/Library/Developer/Xcode/DerivedData/Groupo-dkbenmrrrxpeuaeafdvsadkrpzpe/Build/Products/Debug-iphonesimulator/include -Xcc -I/Users/joaoigor/Library/Developer/Xcode/DerivedData/Groupo-dkbenmrrrxpeuaeafdvsadkrpzpe/Build/Intermediates.noindex/Groupo.build/Debug-iphonesimulator/Groupo.build/DerivedSources-normal/arm64 -Xcc -I/Users/joaoigor/Library/Developer/Xcode/DerivedData/Groupo-dkbenmrrrxpeuaeafdvsadkrpzpe/Build/Intermediates.noindex/Groupo.build/Debug-iphonesimulator/Groupo.build/DerivedSources/arm64 -Xcc -I/Users/joaoigor/Library/Developer/Xcode/DerivedData/Groupo-dkbenmrrrxpeuaeafdvsadkrpzpe/Build/Intermediates.noindex/Groupo.build/Debug-iphonesimulator/Groupo.build/DerivedSources -Xcc -DDEBUG\=1 -emit-objc-header -emit-objc-header-path /Users/joaoigor/Library/Developer/Xcode/DerivedData/Groupo-dkbenmrrrxpeuaeafdvsadkrpzpe/Build/Intermediates.noindex/Groupo.build/Debug-iphonesimulator/Groupo.build/Objects-normal/arm64/Groupo-Swift.h -working-directory /Users/joaoigor/Developer/Groupo -experimental-emit-module-separately -disable-cmo

SwiftCompile normal arm64 Compiling\ ActiveChallengeCard.swift,\ DashboardView.swift /Users/joaoigor/Developer/Groupo/Groupo/Groupo/Views/Dashboard/ActiveChallengeCard.swift /Users/joaoigor/Developer/Groupo/Groupo/Groupo/Views/Dashboard/DashboardView.swift (in target 'Groupo' from project 'Groupo')

SwiftCompile normal arm64 /Users/joaoigor/Developer/Groupo/Groupo/Groupo/Views/Dashboard/ActiveChallengeCard.swift (in target 'Groupo' from project 'Groupo')
    cd /Users/joaoigor/Developer/Groupo
    

SwiftCompile normal arm64 /Users/joaoigor/Developer/Groupo/Groupo/Groupo/Views/Dashboard/DashboardView.swift (in target 'Groupo' from project 'Groupo')
    cd /Users/joaoigor/Developer/Groupo
    

SwiftCompile normal arm64 Compiling\ RequestWithdrawalViewModel.swift,\ CreateChallengeView.swift,\ AdaptiveSheet.swift /Users/joaoigor/Developer/Groupo/Groupo/Groupo/ViewModels/RequestWithdrawalViewModel.swift /Users/joaoigor/Developer/Groupo/Groupo/Groupo/Views/ActionHub/CreateChallengeView.swift /Users/joaoigor/Developer/Groupo/Groupo/Groupo/Views/Components/AdaptiveSheet.swift (in target 'Groupo' from project 'Groupo')

SwiftCompile normal arm64 /Users/joaoigor/Developer/Groupo/Groupo/Groupo/ViewModels/RequestWithdrawalViewModel.swift (in target 'Groupo' from project 'Groupo')
    cd /Users/joaoigor/Developer/Groupo
    

SwiftCompile normal arm64 /Users/joaoigor/Developer/Groupo/Groupo/Groupo/Views/ActionHub/CreateChallengeView.swift (in target 'Groupo' from project 'Groupo')
    cd /Users/joaoigor/Developer/Groupo
    

SwiftCompile normal arm64 /Users/joaoigor/Developer/Groupo/Groupo/Groupo/Views/Components/AdaptiveSheet.swift (in target 'Groupo' from project 'Groupo')
    cd /Users/joaoigor/Developer/Groupo
    

SwiftCompile normal arm64 Compiling\ PersonalStakeCard.swift,\ ChallengeDetailView.swift /Users/joaoigor/Developer/Groupo/Groupo/Groupo/Views/Dashboard/PersonalStakeCard.swift /Users/joaoigor/Developer/Groupo/Groupo/Groupo/Views/Governance/ChallengeDetailView.swift (in target 'Groupo' from project 'Groupo')

SwiftCompile normal arm64 /Users/joaoigor/Developer/Groupo/Groupo/Groupo/Views/Dashboard/PersonalStakeCard.swift (in target 'Groupo' from project 'Groupo')
    cd /Users/joaoigor/Developer/Groupo
    

SwiftCompile normal arm64 /Users/joaoigor/Developer/Groupo/Groupo/Groupo/Views/Governance/ChallengeDetailView.swift (in target 'Groupo' from project 'Groupo')
    cd /Users/joaoigor/Developer/Groupo
    

SwiftCompile normal arm64 Compiling\ CardContainer.swift,\ ToastView.swift,\ ActivityFeedView.swift /Users/joaoigor/Developer/Groupo/Groupo/Groupo/Views/Components/CardContainer.swift /Users/joaoigor/Developer/Groupo/Groupo/Groupo/Views/Components/ToastView.swift /Users/joaoigor/Developer/Groupo/Groupo/Groupo/Views/Dashboard/Components/ActivityFeedView.swift (in target 'Groupo' from project 'Groupo')

SwiftCompile normal arm64 /Users/joaoigor/Developer/Groupo/Groupo/Groupo/Views/Components/CardContainer.swift (in target 'Groupo' from project 'Groupo')
    cd /Users/joaoigor/Developer/Groupo
    

SwiftCompile normal arm64 /Users/joaoigor/Developer/Groupo/Groupo/Groupo/Views/Components/ToastView.swift (in target 'Groupo' from project 'Groupo')
    cd /Users/joaoigor/Developer/Groupo
    

SwiftCompile normal arm64 /Users/joaoigor/Developer/Groupo/Groupo/Groupo/Views/Dashboard/Components/ActivityFeedView.swift (in target 'Groupo' from project 'Groupo')
    cd /Users/joaoigor/Developer/Groupo
    

SwiftCompile normal arm64 Compiling\ ChallengeVotingView.swift,\ GovernanceView.swift /Users/joaoigor/Developer/Groupo/Groupo/Groupo/Views/Governance/ChallengeVotingView.swift /Users/joaoigor/Developer/Groupo/Groupo/Groupo/Views/Governance/GovernanceView.swift (in target 'Groupo' from project 'Groupo')
SwiftCompile normal arm64 /Users/joaoigor/Developer/Groupo/Groupo/Groupo/Views/Governance/ChallengeVotingView.swift (in target 'Groupo' from project 'Groupo')
    cd /Users/joaoigor/Developer/Groupo
    

SwiftCompile normal arm64 /Users/joaoigor/Developer/Groupo/Groupo/Groupo/Views/Governance/GovernanceView.swift (in target 'Groupo' from project 'Groupo')
    cd /Users/joaoigor/Developer/Groupo
    

SwiftCompile normal arm64 Compiling\ MainTabView.swift,\ RequestWithdrawalView.swift /Users/joaoigor/Developer/Groupo/Groupo/Groupo/Views/Main/MainTabView.swift /Users/joaoigor/Developer/Groupo/Groupo/Groupo/Views/Main/RequestWithdrawalView.swift (in target 'Groupo' from project 'Groupo')
SwiftCompile normal arm64 /Users/joaoigor/Developer/Groupo/Groupo/Groupo/Views/Main/MainTabView.swift (in target 'Groupo' from project 'Groupo')
    cd /Users/joaoigor/Developer/Groupo
    

SwiftCompile normal arm64 /Users/joaoigor/Developer/Groupo/Groupo/Groupo/Views/Main/RequestWithdrawalView.swift (in target 'Groupo' from project 'Groupo')
    cd /Users/joaoigor/Developer/Groupo
    

SwiftEmitModule normal arm64 Emitting\ module\ for\ Groupo (in target 'Groupo' from project 'Groupo')

EmitSwiftModule normal arm64 (in target 'Groupo' from project 'Groupo')
    cd /Users/joaoigor/Developer/Groupo
    

SwiftCompile normal arm64 Compiling\ InviteLandingView.swift,\ AppSettingsView.swift /Users/joaoigor/Developer/Groupo/Groupo/Groupo/Views/Onboarding/InviteLandingView.swift /Users/joaoigor/Developer/Groupo/Groupo/Groupo/Views/Profile/AppSettingsView.swift (in target 'Groupo' from project 'Groupo')

SwiftCompile normal arm64 /Users/joaoigor/Developer/Groupo/Groupo/Groupo/Views/Onboarding/InviteLandingView.swift (in target 'Groupo' from project 'Groupo')
    cd /Users/joaoigor/Developer/Groupo
    

SwiftCompile normal arm64 /Users/joaoigor/Developer/Groupo/Groupo/Groupo/Views/Profile/AppSettingsView.swift (in target 'Groupo' from project 'Groupo')
    cd /Users/joaoigor/Developer/Groupo
    

SwiftCompile normal arm64 Compiling\ CustomSplitView.swift,\ LedgerView.swift /Users/joaoigor/Developer/Groupo/Groupo/Groupo/Views/Ledger/CustomSplitView.swift /Users/joaoigor/Developer/Groupo/Groupo/Groupo/Views/Ledger/LedgerView.swift (in target 'Groupo' from project 'Groupo')

SwiftCompile normal arm64 /Users/joaoigor/Developer/Groupo/Groupo/Groupo/Views/Ledger/CustomSplitView.swift (in target 'Groupo' from project 'Groupo')
    cd /Users/joaoigor/Developer/Groupo
    

SwiftCompile normal arm64 /Users/joaoigor/Developer/Groupo/Groupo/Groupo/Views/Ledger/LedgerView.swift (in target 'Groupo' from project 'Groupo')
    cd /Users/joaoigor/Developer/Groupo
    

SwiftCompile normal arm64 Compiling\ MemberDetailView.swift,\ MemberListView.swift /Users/joaoigor/Developer/Groupo/Groupo/Groupo/Views/Dashboard/Components/MemberDetailView.swift /Users/joaoigor/Developer/Groupo/Groupo/Groupo/Views/Dashboard/Components/MemberListView.swift (in target 'Groupo' from project 'Groupo')

SwiftCompile normal arm64 /Users/joaoigor/Developer/Groupo/Groupo/Groupo/Views/Dashboard/Components/MemberDetailView.swift (in target 'Groupo' from project 'Groupo')
    cd /Users/joaoigor/Developer/Groupo
    

SwiftCompile normal arm64 /Users/joaoigor/Developer/Groupo/Groupo/Groupo/Views/Dashboard/Components/MemberListView.swift (in target 'Groupo' from project 'Groupo')
    cd /Users/joaoigor/Developer/Groupo
    

SwiftCompile normal arm64 Compiling\ WithdrawalVotingView.swift,\ CreateExpenseView.swift /Users/joaoigor/Developer/Groupo/Groupo/Groupo/Views/Governance/WithdrawalVotingView.swift /Users/joaoigor/Developer/Groupo/Groupo/Groupo/Views/Ledger/CreateExpenseView.swift (in target 'Groupo' from project 'Groupo')

SwiftCompile normal arm64 /Users/joaoigor/Developer/Groupo/Groupo/Groupo/Views/Governance/WithdrawalVotingView.swift (in target 'Groupo' from project 'Groupo')
    cd /Users/joaoigor/Developer/Groupo
    

SwiftCompile normal arm64 /Users/joaoigor/Developer/Groupo/Groupo/Groupo/Views/Ledger/CreateExpenseView.swift (in target 'Groupo' from project 'Groupo')
    cd /Users/joaoigor/Developer/Groupo
    

SwiftCompile normal arm64 Compiling\ TransactionDetailView.swift,\ ActionMenuSheet.swift /Users/joaoigor/Developer/Groupo/Groupo/Groupo/Views/Ledger/TransactionDetailView.swift /Users/joaoigor/Developer/Groupo/Groupo/Groupo/Views/Main/ActionMenuSheet.swift (in target 'Groupo' from project 'Groupo')

SwiftCompile normal arm64 /Users/joaoigor/Developer/Groupo/Groupo/Groupo/Views/Ledger/TransactionDetailView.swift (in target 'Groupo' from project 'Groupo')
    cd /Users/joaoigor/Developer/Groupo
    

SwiftCompile normal arm64 /Users/joaoigor/Developer/Groupo/Groupo/Groupo/Views/Main/ActionMenuSheet.swift (in target 'Groupo' from project 'Groupo')
    cd /Users/joaoigor/Developer/Groupo
    

SwiftDriverJobDiscovery normal arm64 Compiling CardContainer.swift, ToastView.swift, ActivityFeedView.swift (in target 'Groupo' from project 'Groupo')

SwiftCompile normal arm64 Compiling\ PIXKeysView.swift /Users/joaoigor/Developer/Groupo/Groupo/Groupo/Views/Profile/PIXKeysView.swift (in target 'Groupo' from project 'Groupo')

SwiftCompile normal arm64 /Users/joaoigor/Developer/Groupo/Groupo/Groupo/Views/Profile/PIXKeysView.swift (in target 'Groupo' from project 'Groupo')
    cd /Users/joaoigor/Developer/Groupo
    

SwiftDriverJobDiscovery normal arm64 Compiling CustomSplitView.swift, LedgerView.swift (in target 'Groupo' from project 'Groupo')

SwiftCompile normal arm64 Compiling\ InputField.swift /Users/joaoigor/Developer/Groupo/Groupo/Groupo/Views/Components/InputField.swift (in target 'Groupo' from project 'Groupo')

SwiftCompile normal arm64 /Users/joaoigor/Developer/Groupo/Groupo/Groupo/Views/Components/InputField.swift (in target 'Groupo' from project 'Groupo')
    cd /Users/joaoigor/Developer/Groupo
    

SwiftDriverJobDiscovery normal arm64 Compiling InviteLandingView.swift, AppSettingsView.swift (in target 'Groupo' from project 'Groupo')

SwiftCompile normal arm64 Compiling\ SkeletonView.swift /Users/joaoigor/Developer/Groupo/Groupo/Groupo/Views/Components/SkeletonView.swift (in target 'Groupo' from project 'Groupo')

SwiftCompile normal arm64 /Users/joaoigor/Developer/Groupo/Groupo/Groupo/Views/Components/SkeletonView.swift (in target 'Groupo' from project 'Groupo')
    cd /Users/joaoigor/Developer/Groupo
    

SwiftDriverJobDiscovery normal arm64 Emitting module for Groupo (in target 'Groupo' from project 'Groupo')

SwiftDriver\ Compilation\ Requirements Groupo normal arm64 com.apple.xcode.tools.swift.compiler (in target 'Groupo' from project 'Groupo')
    cd /Users/joaoigor/Developer/Groupo
    builtin-Swift-Compilation-Requirements -- /Applications/Xcode.app/Contents/Developer/Toolchains/XcodeDefault.xctoolchain/usr/bin/swiftc -module-name Groupo -Onone -enforce-exclusivity\=checked @/Users/joaoigor/Library/Developer/Xcode/DerivedData/Groupo-dkbenmrrrxpeuaeafdvsadkrpzpe/Build/Intermediates.noindex/Groupo.build/Debug-iphonesimulator/Groupo.build/Objects-normal/arm64/Groupo.SwiftFileList -DDEBUG -default-isolation\=MainActor -enable-bare-slash-regex -enable-upcoming-feature DisableOutwardActorInference -enable-upcoming-feature InferSendableFromCaptures -enable-upcoming-feature GlobalActorIsolatedTypesUsability -enable-upcoming-feature MemberImportVisibility -enable-upcoming-feature InferIsolatedConformances -enable-upcoming-feature NonisolatedNonsendingByDefault -enable-experimental-feature DebugDescriptionMacro -sdk /Applications/Xcode.app/Contents/Developer/Platforms/iPhoneSimulator.platform/Developer/SDKs/iPhoneSimulator26.0.sdk -target arm64-apple-ios26.0-simulator -g -module-cache-path /Users/joaoigor/Library/Developer/Xcode/DerivedData/ModuleCache.noindex -Xfrontend -serialize-debugging-options -enable-testing -index-store-path /Users/joaoigor/Library/Developer/Xcode/DerivedData/Groupo-dkbenmrrrxpeuaeafdvsadkrpzpe/Index.noindex/DataStore -Xcc -D_LIBCPP_HARDENING_MODE\=_LIBCPP_HARDENING_MODE_DEBUG -swift-version 5 -I /Users/joaoigor/Library/Developer/Xcode/DerivedData/Groupo-dkbenmrrrxpeuaeafdvsadkrpzpe/Build/Products/Debug-iphonesimulator -F /Users/joaoigor/Library/Developer/Xcode/DerivedData/Groupo-dkbenmrrrxpeuaeafdvsadkrpzpe/Build/Products/Debug-iphonesimulator -emit-localized-strings -emit-localized-strings-path /Users/joaoigor/Library/Developer/Xcode/DerivedData/Groupo-dkbenmrrrxpeuaeafdvsadkrpzpe/Build/Intermediates.noindex/Groupo.build/Debug-iphonesimulator/Groupo.build/Objects-normal/arm64 -c -j11 -enable-batch-mode -incremental -Xcc -ivfsstatcache -Xcc /Users/joaoigor/Library/Developer/Xcode/DerivedData/SDKStatCaches.noindex/iphonesimulator26.0-23A339-26257891a6c027eb51374368541b8346.sdkstatcache -output-file-map /Users/joaoigor/Library/Developer/Xcode/DerivedData/Groupo-dkbenmrrrxpeuaeafdvsadkrpzpe/Build/Intermediates.noindex/Groupo.build/Debug-iphonesimulator/Groupo.build/Objects-normal/arm64/Groupo-OutputFileMap.json -use-frontend-parseable-output -save-temps -no-color-diagnostics -explicit-module-build -module-cache-path /Users/joaoigor/Library/Developer/Xcode/DerivedData/Groupo-dkbenmrrrxpeuaeafdvsadkrpzpe/Build/Intermediates.noindex/SwiftExplicitPrecompiledModules -clang-scanner-module-cache-path /Users/joaoigor/Library/Developer/Xcode/DerivedData/ModuleCache.noindex -sdk-module-cache-path /Users/joaoigor/Library/Developer/Xcode/DerivedData/ModuleCache.noindex -serialize-diagnostics -emit-dependencies -emit-module -emit-module-path /Users/joaoigor/Library/Developer/Xcode/DerivedData/Groupo-dkbenmrrrxpeuaeafdvsadkrpzpe/Build/Intermediates.noindex/Groupo.build/Debug-iphonesimulator/Groupo.build/Objects-normal/arm64/Groupo.swiftmodule -validate-clang-modules-once -clang-build-session-file /Users/joaoigor/Library/Developer/Xcode/DerivedData/ModuleCache.noindex/Session.modulevalidation -Xcc -I/Users/joaoigor/Library/Developer/Xcode/DerivedData/Groupo-dkbenmrrrxpeuaeafdvsadkrpzpe/Build/Intermediates.noindex/Groupo.build/Debug-iphonesimulator/Groupo.build/swift-overrides.hmap -emit-const-values -Xfrontend -const-gather-protocols-file -Xfrontend /Users/joaoigor/Library/Developer/Xcode/DerivedData/Groupo-dkbenmrrrxpeuaeafdvsadkrpzpe/Build/Intermediates.noindex/Groupo.build/Debug-iphonesimulator/Groupo.build/Objects-normal/arm64/Groupo_const_extract_protocols.json -Xcc -iquote -Xcc /Users/joaoigor/Library/Developer/Xcode/DerivedData/Groupo-dkbenmrrrxpeuaeafdvsadkrpzpe/Build/Intermediates.noindex/Groupo.build/Debug-iphonesimulator/Groupo.build/Groupo-generated-files.hmap -Xcc -I/Users/joaoigor/Library/Developer/Xcode/DerivedData/Groupo-dkbenmrrrxpeuaeafdvsadkrpzpe/Build/Intermediates.noindex/Groupo.build/Debug-iphonesimulator/Groupo.build/Groupo-own-target-headers.hmap -Xcc -I/Users/joaoigor/Library/Developer/Xcode/DerivedData/Groupo-dkbenmrrrxpeuaeafdvsadkrpzpe/Build/Intermediates.noindex/Groupo.build/Debug-iphonesimulator/Groupo.build/Groupo-all-target-headers.hmap -Xcc -iquote -Xcc /Users/joaoigor/Library/Developer/Xcode/DerivedData/Groupo-dkbenmrrrxpeuaeafdvsadkrpzpe/Build/Intermediates.noindex/Groupo.build/Debug-iphonesimulator/Groupo.build/Groupo-project-headers.hmap -Xcc -I/Users/joaoigor/Library/Developer/Xcode/DerivedData/Groupo-dkbenmrrrxpeuaeafdvsadkrpzpe/Build/Products/Debug-iphonesimulator/include -Xcc -I/Users/joaoigor/Library/Developer/Xcode/DerivedData/Groupo-dkbenmrrrxpeuaeafdvsadkrpzpe/Build/Intermediates.noindex/Groupo.build/Debug-iphonesimulator/Groupo.build/DerivedSources-normal/arm64 -Xcc -I/Users/joaoigor/Library/Developer/Xcode/DerivedData/Groupo-dkbenmrrrxpeuaeafdvsadkrpzpe/Build/Intermediates.noindex/Groupo.build/Debug-iphonesimulator/Groupo.build/DerivedSources/arm64 -Xcc -I/Users/joaoigor/Library/Developer/Xcode/DerivedData/Groupo-dkbenmrrrxpeuaeafdvsadkrpzpe/Build/Intermediates.noindex/Groupo.build/Debug-iphonesimulator/Groupo.build/DerivedSources -Xcc -DDEBUG\=1 -emit-objc-header -emit-objc-header-path /Users/joaoigor/Library/Developer/Xcode/DerivedData/Groupo-dkbenmrrrxpeuaeafdvsadkrpzpe/Build/Intermediates.noindex/Groupo.build/Debug-iphonesimulator/Groupo.build/Objects-normal/arm64/Groupo-Swift.h -working-directory /Users/joaoigor/Developer/Groupo -experimental-emit-module-separately -disable-cmo

SwiftDriverJobDiscovery normal arm64 Compiling MemberDetailView.swift, MemberListView.swift (in target 'Groupo' from project 'Groupo')

SwiftCompile normal arm64 Compiling\ ProfileView.swift /Users/joaoigor/Developer/Groupo/Groupo/Groupo/Views/Profile/ProfileView.swift (in target 'Groupo' from project 'Groupo')

SwiftCompile normal arm64 /Users/joaoigor/Developer/Groupo/Groupo/Groupo/Views/Profile/ProfileView.swift (in target 'Groupo' from project 'Groupo')
    cd /Users/joaoigor/Developer/Groupo
    

Copy /Users/joaoigor/Library/Developer/Xcode/DerivedData/Groupo-dkbenmrrrxpeuaeafdvsadkrpzpe/Build/Products/Debug-iphonesimulator/Groupo.swiftmodule/arm64-apple-ios-simulator.abi.json /Users/joaoigor/Library/Developer/Xcode/DerivedData/Groupo-dkbenmrrrxpeuaeafdvsadkrpzpe/Build/Intermediates.noindex/Groupo.build/Debug-iphonesimulator/Groupo.build/Objects-normal/arm64/Groupo.abi.json (in target 'Groupo' from project 'Groupo')
    cd /Users/joaoigor/Developer/Groupo
    builtin-copy -exclude .DS_Store -exclude CVS -exclude .svn -exclude .git -exclude .hg -resolve-src-symlinks -rename /Users/joaoigor/Library/Developer/Xcode/DerivedData/Groupo-dkbenmrrrxpeuaeafdvsadkrpzpe/Build/Intermediates.noindex/Groupo.build/Debug-iphonesimulator/Groupo.build/Objects-normal/arm64/Groupo.abi.json /Users/joaoigor/Library/Developer/Xcode/DerivedData/Groupo-dkbenmrrrxpeuaeafdvsadkrpzpe/Build/Products/Debug-iphonesimulator/Groupo.swiftmodule/arm64-apple-ios-simulator.abi.json

SwiftDriverJobDiscovery normal arm64 Compiling RequestWithdrawalViewModel.swift, CreateChallengeView.swift, AdaptiveSheet.swift (in target 'Groupo' from project 'Groupo')

Copy /Users/joaoigor/Library/Developer/Xcode/DerivedData/Groupo-dkbenmrrrxpeuaeafdvsadkrpzpe/Build/Products/Debug-iphonesimulator/Groupo.swiftmodule/Project/arm64-apple-ios-simulator.swiftsourceinfo /Users/joaoigor/Library/Developer/Xcode/DerivedData/Groupo-dkbenmrrrxpeuaeafdvsadkrpzpe/Build/Intermediates.noindex/Groupo.build/Debug-iphonesimulator/Groupo.build/Objects-normal/arm64/Groupo.swiftsourceinfo (in target 'Groupo' from project 'Groupo')
    cd /Users/joaoigor/Developer/Groupo
    builtin-copy -exclude .DS_Store -exclude CVS -exclude .svn -exclude .git -exclude .hg -resolve-src-symlinks -rename /Users/joaoigor/Library/Developer/Xcode/DerivedData/Groupo-dkbenmrrrxpeuaeafdvsadkrpzpe/Build/Intermediates.noindex/Groupo.build/Debug-iphonesimulator/Groupo.build/Objects-normal/arm64/Groupo.swiftsourceinfo /Users/joaoigor/Library/Developer/Xcode/DerivedData/Groupo-dkbenmrrrxpeuaeafdvsadkrpzpe/Build/Products/Debug-iphonesimulator/Groupo.swiftmodule/Project/arm64-apple-ios-simulator.swiftsourceinfo

SwiftCompile normal arm64 Compiling\ PrimaryButton.swift /Users/joaoigor/Developer/Groupo/Groupo/Groupo/Views/Components/PrimaryButton.swift (in target 'Groupo' from project 'Groupo')

SwiftCompile normal arm64 /Users/joaoigor/Developer/Groupo/Groupo/Groupo/Views/Components/PrimaryButton.swift (in target 'Groupo' from project 'Groupo')
    cd /Users/joaoigor/Developer/Groupo
    

SwiftCompile normal arm64 Compiling\ Transaction.swift /Users/joaoigor/Developer/Groupo/Groupo/Groupo/Models/Transaction.swift (in target 'Groupo' from project 'Groupo')

SwiftCompile normal arm64 /Users/joaoigor/Developer/Groupo/Groupo/Groupo/Models/Transaction.swift (in target 'Groupo' from project 'Groupo')
    cd /Users/joaoigor/Developer/Groupo
    

SwiftDriverJobDiscovery normal arm64 Compiling SkeletonView.swift (in target 'Groupo' from project 'Groupo')

SwiftCompile normal arm64 Compiling\ CreateExpenseViewModel.swift /Users/joaoigor/Developer/Groupo/Groupo/Groupo/ViewModels/CreateExpenseViewModel.swift (in target 'Groupo' from project 'Groupo')

SwiftCompile normal arm64 /Users/joaoigor/Developer/Groupo/Groupo/Groupo/ViewModels/CreateExpenseViewModel.swift (in target 'Groupo' from project 'Groupo')
    cd /Users/joaoigor/Developer/Groupo
    

SwiftDriverJobDiscovery normal arm64 Compiling InputField.swift (in target 'Groupo' from project 'Groupo')

SwiftCompile normal arm64 Compiling\ ProfileViewModel.swift /Users/joaoigor/Developer/Groupo/Groupo/Groupo/ViewModels/ProfileViewModel.swift (in target 'Groupo' from project 'Groupo')

SwiftCompile normal arm64 /Users/joaoigor/Developer/Groupo/Groupo/Groupo/ViewModels/ProfileViewModel.swift (in target 'Groupo' from project 'Groupo')
    cd /Users/joaoigor/Developer/Groupo
    

SwiftDriverJobDiscovery normal arm64 Compiling PIXKeysView.swift (in target 'Groupo' from project 'Groupo')

SwiftDriverJobDiscovery normal arm64 Compiling PersonalStakeCard.swift, ChallengeDetailView.swift (in target 'Groupo' from project 'Groupo')

SwiftCompile normal arm64 Compiling\ GeneratedAssetSymbols.swift /Users/joaoigor/Library/Developer/Xcode/DerivedData/Groupo-dkbenmrrrxpeuaeafdvsadkrpzpe/Build/Intermediates.noindex/Groupo.build/Debug-iphonesimulator/Groupo.build/DerivedSources/GeneratedAssetSymbols.swift (in target 'Groupo' from project 'Groupo')

SwiftCompile normal arm64 /Users/joaoigor/Library/Developer/Xcode/DerivedData/Groupo-dkbenmrrrxpeuaeafdvsadkrpzpe/Build/Intermediates.noindex/Groupo.build/Debug-iphonesimulator/Groupo.build/DerivedSources/GeneratedAssetSymbols.swift (in target 'Groupo' from project 'Groupo')
    cd /Users/joaoigor/Developer/Groupo
    

SwiftCompile normal arm64 Compiling\ Theme.swift /Users/joaoigor/Developer/Groupo/Groupo/Groupo/Utils/Theme.swift (in target 'Groupo' from project 'Groupo')

SwiftCompile normal arm64 /Users/joaoigor/Developer/Groupo/Groupo/Groupo/Utils/Theme.swift (in target 'Groupo' from project 'Groupo')
    cd /Users/joaoigor/Developer/Groupo
    

SwiftDriverJobDiscovery normal arm64 Compiling ProfileViewModel.swift (in target 'Groupo' from project 'Groupo')

SwiftCompile normal arm64 Compiling\ MainCoordinator.swift /Users/joaoigor/Developer/Groupo/Groupo/Groupo/Coordinators/MainCoordinator.swift (in target 'Groupo' from project 'Groupo')

SwiftCompile normal arm64 /Users/joaoigor/Developer/Groupo/Groupo/Groupo/Coordinators/MainCoordinator.swift (in target 'Groupo' from project 'Groupo')
    cd /Users/joaoigor/Developer/Groupo
    

SwiftDriverJobDiscovery normal arm64 Compiling GeneratedAssetSymbols.swift (in target 'Groupo' from project 'Groupo')

SwiftCompile normal arm64 Compiling\ GovernanceViewModel.swift /Users/joaoigor/Developer/Groupo/Groupo/Groupo/ViewModels/GovernanceViewModel.swift (in target 'Groupo' from project 'Groupo')

SwiftCompile normal arm64 /Users/joaoigor/Developer/Groupo/Groupo/Groupo/ViewModels/GovernanceViewModel.swift (in target 'Groupo' from project 'Groupo')
    cd /Users/joaoigor/Developer/Groupo
    

SwiftDriverJobDiscovery normal arm64 Compiling Transaction.swift (in target 'Groupo' from project 'Groupo')

SwiftCompile normal arm64 Compiling\ MockDataService.swift /Users/joaoigor/Developer/Groupo/Groupo/Groupo/Services/MockDataService.swift (in target 'Groupo' from project 'Groupo')

SwiftCompile normal arm64 /Users/joaoigor/Developer/Groupo/Groupo/Groupo/Services/MockDataService.swift (in target 'Groupo' from project 'Groupo')
    cd /Users/joaoigor/Developer/Groupo
    

SwiftDriverJobDiscovery normal arm64 Compiling Theme.swift (in target 'Groupo' from project 'Groupo')

SwiftCompile normal arm64 Compiling\ GroupoApp.swift /Users/joaoigor/Developer/Groupo/Groupo/Groupo/GroupoApp.swift (in target 'Groupo' from project 'Groupo')

SwiftCompile normal arm64 /Users/joaoigor/Developer/Groupo/Groupo/Groupo/GroupoApp.swift (in target 'Groupo' from project 'Groupo')
    cd /Users/joaoigor/Developer/Groupo
    

SwiftDriverJobDiscovery normal arm64 Compiling MainCoordinator.swift (in target 'Groupo' from project 'Groupo')

SwiftCompile normal arm64 Compiling\ SecondaryButton.swift /Users/joaoigor/Developer/Groupo/Groupo/Groupo/Views/Components/SecondaryButton.swift (in target 'Groupo' from project 'Groupo')

SwiftCompile normal arm64 /Users/joaoigor/Developer/Groupo/Groupo/Groupo/Views/Components/SecondaryButton.swift (in target 'Groupo' from project 'Groupo')
    cd /Users/joaoigor/Developer/Groupo
    

SwiftDriverJobDiscovery normal arm64 Compiling ProfileView.swift (in target 'Groupo' from project 'Groupo')

SwiftCompile normal arm64 Compiling\ ToastManager.swift /Users/joaoigor/Developer/Groupo/Groupo/Groupo/Utils/ToastManager.swift (in target 'Groupo' from project 'Groupo')

SwiftCompile normal arm64 /Users/joaoigor/Developer/Groupo/Groupo/Groupo/Utils/ToastManager.swift (in target 'Groupo' from project 'Groupo')
    cd /Users/joaoigor/Developer/Groupo
    

SwiftDriverJobDiscovery normal arm64 Compiling CreateExpenseViewModel.swift (in target 'Groupo' from project 'Groupo')

SwiftDriverJobDiscovery normal arm64 Compiling GroupoApp.swift (in target 'Groupo' from project 'Groupo')

SwiftDriverJobDiscovery normal arm64 Compiling PrimaryButton.swift (in target 'Groupo' from project 'Groupo')

SwiftDriverJobDiscovery normal arm64 Compiling GovernanceViewModel.swift (in target 'Groupo' from project 'Groupo')

SwiftDriverJobDiscovery normal arm64 Compiling TransactionDetailView.swift, ActionMenuSheet.swift (in target 'Groupo' from project 'Groupo')

SwiftDriverJobDiscovery normal arm64 Compiling ToastManager.swift (in target 'Groupo' from project 'Groupo')

SwiftDriverJobDiscovery normal arm64 Compiling ActiveChallengeCard.swift, DashboardView.swift (in target 'Groupo' from project 'Groupo')

SwiftDriverJobDiscovery normal arm64 Compiling ChallengeVotingView.swift, GovernanceView.swift (in target 'Groupo' from project 'Groupo')

SwiftDriverJobDiscovery normal arm64 Compiling WithdrawalVotingView.swift, CreateExpenseView.swift (in target 'Groupo' from project 'Groupo')

SwiftDriverJobDiscovery normal arm64 Compiling MockDataService.swift (in target 'Groupo' from project 'Groupo')

SwiftDriverJobDiscovery normal arm64 Compiling SecondaryButton.swift (in target 'Groupo' from project 'Groupo')

SwiftDriverJobDiscovery normal arm64 Compiling MainTabView.swift, RequestWithdrawalView.swift (in target 'Groupo' from project 'Groupo')

SwiftDriver\ Compilation Groupo normal arm64 com.apple.xcode.tools.swift.compiler (in target 'Groupo' from project 'Groupo')
    cd /Users/joaoigor/Developer/Groupo
    builtin-Swift-Compilation -- /Applications/Xcode.app/Contents/Developer/Toolchains/XcodeDefault.xctoolchain/usr/bin/swiftc -module-name Groupo -Onone -enforce-exclusivity\=checked @/Users/joaoigor/Library/Developer/Xcode/DerivedData/Groupo-dkbenmrrrxpeuaeafdvsadkrpzpe/Build/Intermediates.noindex/Groupo.build/Debug-iphonesimulator/Groupo.build/Objects-normal/arm64/Groupo.SwiftFileList -DDEBUG -default-isolation\=MainActor -enable-bare-slash-regex -enable-upcoming-feature DisableOutwardActorInference -enable-upcoming-feature InferSendableFromCaptures -enable-upcoming-feature GlobalActorIsolatedTypesUsability -enable-upcoming-feature MemberImportVisibility -enable-upcoming-feature InferIsolatedConformances -enable-upcoming-feature NonisolatedNonsendingByDefault -enable-experimental-feature DebugDescriptionMacro -sdk /Applications/Xcode.app/Contents/Developer/Platforms/iPhoneSimulator.platform/Developer/SDKs/iPhoneSimulator26.0.sdk -target arm64-apple-ios26.0-simulator -g -module-cache-path /Users/joaoigor/Library/Developer/Xcode/DerivedData/ModuleCache.noindex -Xfrontend -serialize-debugging-options -enable-testing -index-store-path /Users/joaoigor/Library/Developer/Xcode/DerivedData/Groupo-dkbenmrrrxpeuaeafdvsadkrpzpe/Index.noindex/DataStore -Xcc -D_LIBCPP_HARDENING_MODE\=_LIBCPP_HARDENING_MODE_DEBUG -swift-version 5 -I /Users/joaoigor/Library/Developer/Xcode/DerivedData/Groupo-dkbenmrrrxpeuaeafdvsadkrpzpe/Build/Products/Debug-iphonesimulator -F /Users/joaoigor/Library/Developer/Xcode/DerivedData/Groupo-dkbenmrrrxpeuaeafdvsadkrpzpe/Build/Products/Debug-iphonesimulator -emit-localized-strings -emit-localized-strings-path /Users/joaoigor/Library/Developer/Xcode/DerivedData/Groupo-dkbenmrrrxpeuaeafdvsadkrpzpe/Build/Intermediates.noindex/Groupo.build/Debug-iphonesimulator/Groupo.build/Objects-normal/arm64 -c -j11 -enable-batch-mode -incremental -Xcc -ivfsstatcache -Xcc /Users/joaoigor/Library/Developer/Xcode/DerivedData/SDKStatCaches.noindex/iphonesimulator26.0-23A339-26257891a6c027eb51374368541b8346.sdkstatcache -output-file-map /Users/joaoigor/Library/Developer/Xcode/DerivedData/Groupo-dkbenmrrrxpeuaeafdvsadkrpzpe/Build/Intermediates.noindex/Groupo.build/Debug-iphonesimulator/Groupo.build/Objects-normal/arm64/Groupo-OutputFileMap.json -use-frontend-parseable-output -save-temps -no-color-diagnostics -explicit-module-build -module-cache-path /Users/joaoigor/Library/Developer/Xcode/DerivedData/Groupo-dkbenmrrrxpeuaeafdvsadkrpzpe/Build/Intermediates.noindex/SwiftExplicitPrecompiledModules -clang-scanner-module-cache-path /Users/joaoigor/Library/Developer/Xcode/DerivedData/ModuleCache.noindex -sdk-module-cache-path /Users/joaoigor/Library/Developer/Xcode/DerivedData/ModuleCache.noindex -serialize-diagnostics -emit-dependencies -emit-module -emit-module-path /Users/joaoigor/Library/Developer/Xcode/DerivedData/Groupo-dkbenmrrrxpeuaeafdvsadkrpzpe/Build/Intermediates.noindex/Groupo.build/Debug-iphonesimulator/Groupo.build/Objects-normal/arm64/Groupo.swiftmodule -validate-clang-modules-once -clang-build-session-file /Users/joaoigor/Library/Developer/Xcode/DerivedData/ModuleCache.noindex/Session.modulevalidation -Xcc -I/Users/joaoigor/Library/Developer/Xcode/DerivedData/Groupo-dkbenmrrrxpeuaeafdvsadkrpzpe/Build/Intermediates.noindex/Groupo.build/Debug-iphonesimulator/Groupo.build/swift-overrides.hmap -emit-const-values -Xfrontend -const-gather-protocols-file -Xfrontend /Users/joaoigor/Library/Developer/Xcode/DerivedData/Groupo-dkbenmrrrxpeuaeafdvsadkrpzpe/Build/Intermediates.noindex/Groupo.build/Debug-iphonesimulator/Groupo.build/Objects-normal/arm64/Groupo_const_extract_protocols.json -Xcc -iquote -Xcc /Users/joaoigor/Library/Developer/Xcode/DerivedData/Groupo-dkbenmrrrxpeuaeafdvsadkrpzpe/Build/Intermediates.noindex/Groupo.build/Debug-iphonesimulator/Groupo.build/Groupo-generated-files.hmap -Xcc -I/Users/joaoigor/Library/Developer/Xcode/DerivedData/Groupo-dkbenmrrrxpeuaeafdvsadkrpzpe/Build/Intermediates.noindex/Groupo.build/Debug-iphonesimulator/Groupo.build/Groupo-own-target-headers.hmap -Xcc -I/Users/joaoigor/Library/Developer/Xcode/DerivedData/Groupo-dkbenmrrrxpeuaeafdvsadkrpzpe/Build/Intermediates.noindex/Groupo.build/Debug-iphonesimulator/Groupo.build/Groupo-all-target-headers.hmap -Xcc -iquote -Xcc /Users/joaoigor/Library/Developer/Xcode/DerivedData/Groupo-dkbenmrrrxpeuaeafdvsadkrpzpe/Build/Intermediates.noindex/Groupo.build/Debug-iphonesimulator/Groupo.build/Groupo-project-headers.hmap -Xcc -I/Users/joaoigor/Library/Developer/Xcode/DerivedData/Groupo-dkbenmrrrxpeuaeafdvsadkrpzpe/Build/Products/Debug-iphonesimulator/include -Xcc -I/Users/joaoigor/Library/Developer/Xcode/DerivedData/Groupo-dkbenmrrrxpeuaeafdvsadkrpzpe/Build/Intermediates.noindex/Groupo.build/Debug-iphonesimulator/Groupo.build/DerivedSources-normal/arm64 -Xcc -I/Users/joaoigor/Library/Developer/Xcode/DerivedData/Groupo-dkbenmrrrxpeuaeafdvsadkrpzpe/Build/Intermediates.noindex/Groupo.build/Debug-iphonesimulator/Groupo.build/DerivedSources/arm64 -Xcc -I/Users/joaoigor/Library/Developer/Xcode/DerivedData/Groupo-dkbenmrrrxpeuaeafdvsadkrpzpe/Build/Intermediates.noindex/Groupo.build/Debug-iphonesimulator/Groupo.build/DerivedSources -Xcc -DDEBUG\=1 -emit-objc-header -emit-objc-header-path /Users/joaoigor/Library/Developer/Xcode/DerivedData/Groupo-dkbenmrrrxpeuaeafdvsadkrpzpe/Build/Intermediates.noindex/Groupo.build/Debug-iphonesimulator/Groupo.build/Objects-normal/arm64/Groupo-Swift.h -working-directory /Users/joaoigor/Developer/Groupo -experimental-emit-module-separately -disable-cmo

Ld /Users/joaoigor/Library/Developer/Xcode/DerivedData/Groupo-dkbenmrrrxpeuaeafdvsadkrpzpe/Build/Products/Debug-iphonesimulator/Groupo.app/Groupo.debug.dylib normal (in target 'Groupo' from project 'Groupo')
    cd /Users/joaoigor/Developer/Groupo
    /Applications/Xcode.app/Contents/Developer/Toolchains/XcodeDefault.xctoolchain/usr/bin/clang -Xlinker -reproducible -target arm64-apple-ios26.0-simulator -dynamiclib -isysroot /Applications/Xcode.app/Contents/Developer/Platforms/iPhoneSimulator.platform/Developer/SDKs/iPhoneSimulator26.0.sdk -O0 -L/Users/joaoigor/Library/Developer/Xcode/DerivedData/Groupo-dkbenmrrrxpeuaeafdvsadkrpzpe/Build/Intermediates.noindex/EagerLinkingTBDs/Debug-iphonesimulator -L/Users/joaoigor/Library/Developer/Xcode/DerivedData/Groupo-dkbenmrrrxpeuaeafdvsadkrpzpe/Build/Products/Debug-iphonesimulator -F/Users/joaoigor/Library/Developer/Xcode/DerivedData/Groupo-dkbenmrrrxpeuaeafdvsadkrpzpe/Build/Intermediates.noindex/EagerLinkingTBDs/Debug-iphonesimulator -F/Users/joaoigor/Library/Developer/Xcode/DerivedData/Groupo-dkbenmrrrxpeuaeafdvsadkrpzpe/Build/Products/Debug-iphonesimulator -filelist /Users/joaoigor/Library/Developer/Xcode/DerivedData/Groupo-dkbenmrrrxpeuaeafdvsadkrpzpe/Build/Intermediates.noindex/Groupo.build/Debug-iphonesimulator/Groupo.build/Objects-normal/arm64/Groupo.LinkFileList -install_name @rpath/Groupo.debug.dylib -Xlinker -rpath -Xlinker @executable_path/Frameworks -dead_strip -Xlinker -object_path_lto -Xlinker /Users/joaoigor/Library/Developer/Xcode/DerivedData/Groupo-dkbenmrrrxpeuaeafdvsadkrpzpe/Build/Intermediates.noindex/Groupo.build/Debug-iphonesimulator/Groupo.build/Objects-normal/arm64/Groupo_lto.o -rdynamic -Xlinker -no_deduplicate -Xlinker -objc_abi_version -Xlinker 2 -Xlinker -dependency_info -Xlinker /Users/joaoigor/Library/Developer/Xcode/DerivedData/Groupo-dkbenmrrrxpeuaeafdvsadkrpzpe/Build/Intermediates.noindex/Groupo.build/Debug-iphonesimulator/Groupo.build/Objects-normal/arm64/Groupo_dependency_info.dat -fobjc-link-runtime -L/Applications/Xcode.app/Contents/Developer/Toolchains/XcodeDefault.xctoolchain/usr/lib/swift/iphonesimulator -L/usr/lib/swift -Xlinker -add_ast_path -Xlinker /Users/joaoigor/Library/Developer/Xcode/DerivedData/Groupo-dkbenmrrrxpeuaeafdvsadkrpzpe/Build/Intermediates.noindex/Groupo.build/Debug-iphonesimulator/Groupo.build/Objects-normal/arm64/Groupo.swiftmodule @/Users/joaoigor/Library/Developer/Xcode/DerivedData/Groupo-dkbenmrrrxpeuaeafdvsadkrpzpe/Build/Intermediates.noindex/Groupo.build/Debug-iphonesimulator/Groupo.build/Objects-normal/arm64/Groupo-linker-args.resp -Xlinker -alias -Xlinker _main -Xlinker ___debug_main_executable_dylib_entry_point -Xlinker -no_adhoc_codesign -o /Users/joaoigor/Library/Developer/Xcode/DerivedData/Groupo-dkbenmrrrxpeuaeafdvsadkrpzpe/Build/Products/Debug-iphonesimulator/Groupo.app/Groupo.debug.dylib

ConstructStubExecutorLinkFileList /Users/joaoigor/Library/Developer/Xcode/DerivedData/Groupo-dkbenmrrrxpeuaeafdvsadkrpzpe/Build/Intermediates.noindex/Groupo.build/Debug-iphonesimulator/Groupo.build/Groupo-ExecutorLinkFileList-normal-arm64.txt (in target 'Groupo' from project 'Groupo')
    cd /Users/joaoigor/Developer/Groupo
    construct-stub-executor-link-file-list /Users/joaoigor/Library/Developer/Xcode/DerivedData/Groupo-dkbenmrrrxpeuaeafdvsadkrpzpe/Build/Products/Debug-iphonesimulator/Groupo.app/Groupo.debug.dylib /Applications/Xcode.app/Contents/Developer/Platforms/iPhoneSimulator.platform/Developer/usr/lib/libPreviewsJITStubExecutor_no_swift_entry_point.a /Applications/Xcode.app/Contents/Developer/Platforms/iPhoneSimulator.platform/Developer/usr/lib/libPreviewsJITStubExecutor.a --output /Users/joaoigor/Library/Developer/Xcode/DerivedData/Groupo-dkbenmrrrxpeuaeafdvsadkrpzpe/Build/Intermediates.noindex/Groupo.build/Debug-iphonesimulator/Groupo.build/Groupo-ExecutorLinkFileList-normal-arm64.txt
note: Using stub executor library with Swift entry point. (in target 'Groupo' from project 'Groupo')

Ld /Users/joaoigor/Library/Developer/Xcode/DerivedData/Groupo-dkbenmrrrxpeuaeafdvsadkrpzpe/Build/Products/Debug-iphonesimulator/Groupo.app/Groupo normal (in target 'Groupo' from project 'Groupo')
    cd /Users/joaoigor/Developer/Groupo
    /Applications/Xcode.app/Contents/Developer/Toolchains/XcodeDefault.xctoolchain/usr/bin/clang -Xlinker -reproducible -target arm64-apple-ios26.0-simulator -isysroot /Applications/Xcode.app/Contents/Developer/Platforms/iPhoneSimulator.platform/Developer/SDKs/iPhoneSimulator26.0.sdk -O0 -L/Users/joaoigor/Library/Developer/Xcode/DerivedData/Groupo-dkbenmrrrxpeuaeafdvsadkrpzpe/Build/Products/Debug-iphonesimulator -F/Users/joaoigor/Library/Developer/Xcode/DerivedData/Groupo-dkbenmrrrxpeuaeafdvsadkrpzpe/Build/Products/Debug-iphonesimulator -Xlinker -rpath -Xlinker @executable_path -Xlinker -rpath -Xlinker @executable_path/Frameworks -rdynamic -Xlinker -no_deduplicate -Xlinker -objc_abi_version -Xlinker 2 -e ___debug_blank_executor_main -Xlinker -sectcreate -Xlinker __TEXT -Xlinker __debug_dylib -Xlinker /Users/joaoigor/Library/Developer/Xcode/DerivedData/Groupo-dkbenmrrrxpeuaeafdvsadkrpzpe/Build/Intermediates.noindex/Groupo.build/Debug-iphonesimulator/Groupo.build/Groupo-DebugDylibPath-normal-arm64.txt -Xlinker -sectcreate -Xlinker __TEXT -Xlinker __debug_instlnm -Xlinker /Users/joaoigor/Library/Developer/Xcode/DerivedData/Groupo-dkbenmrrrxpeuaeafdvsadkrpzpe/Build/Intermediates.noindex/Groupo.build/Debug-iphonesimulator/Groupo.build/Groupo-DebugDylibInstallName-normal-arm64.txt -Xlinker -filelist -Xlinker /Users/joaoigor/Library/Developer/Xcode/DerivedData/Groupo-dkbenmrrrxpeuaeafdvsadkrpzpe/Build/Intermediates.noindex/Groupo.build/Debug-iphonesimulator/Groupo.build/Groupo-ExecutorLinkFileList-normal-arm64.txt -Xlinker -sectcreate -Xlinker __TEXT -Xlinker __entitlements -Xlinker /Users/joaoigor/Library/Developer/Xcode/DerivedData/Groupo-dkbenmrrrxpeuaeafdvsadkrpzpe/Build/Intermediates.noindex/Groupo.build/Debug-iphonesimulator/Groupo.build/Groupo.app-Simulated.xcent -Xlinker -sectcreate -Xlinker __TEXT -Xlinker __ents_der -Xlinker /Users/joaoigor/Library/Developer/Xcode/DerivedData/Groupo-dkbenmrrrxpeuaeafdvsadkrpzpe/Build/Intermediates.noindex/Groupo.build/Debug-iphonesimulator/Groupo.build/Groupo.app-Simulated.xcent.der /Users/joaoigor/Library/Developer/Xcode/DerivedData/Groupo-dkbenmrrrxpeuaeafdvsadkrpzpe/Build/Products/Debug-iphonesimulator/Groupo.app/Groupo.debug.dylib -Xlinker -no_adhoc_codesign -o /Users/joaoigor/Library/Developer/Xcode/DerivedData/Groupo-dkbenmrrrxpeuaeafdvsadkrpzpe/Build/Products/Debug-iphonesimulator/Groupo.app/Groupo

CopySwiftLibs /Users/joaoigor/Library/Developer/Xcode/DerivedData/Groupo-dkbenmrrrxpeuaeafdvsadkrpzpe/Build/Products/Debug-iphonesimulator/Groupo.app (in target 'Groupo' from project 'Groupo')
    cd /Users/joaoigor/Developer/Groupo
    builtin-swiftStdLibTool --copy --verbose --sign - --scan-executable /Users/joaoigor/Library/Developer/Xcode/DerivedData/Groupo-dkbenmrrrxpeuaeafdvsadkrpzpe/Build/Products/Debug-iphonesimulator/Groupo.app/Groupo.debug.dylib --scan-folder /Users/joaoigor/Library/Developer/Xcode/DerivedData/Groupo-dkbenmrrrxpeuaeafdvsadkrpzpe/Build/Products/Debug-iphonesimulator/Groupo.app/Frameworks --scan-folder /Users/joaoigor/Library/Developer/Xcode/DerivedData/Groupo-dkbenmrrrxpeuaeafdvsadkrpzpe/Build/Products/Debug-iphonesimulator/Groupo.app/PlugIns --scan-folder /Users/joaoigor/Library/Developer/Xcode/DerivedData/Groupo-dkbenmrrrxpeuaeafdvsadkrpzpe/Build/Products/Debug-iphonesimulator/Groupo.app/SystemExtensions --scan-folder /Users/joaoigor/Library/Developer/Xcode/DerivedData/Groupo-dkbenmrrrxpeuaeafdvsadkrpzpe/Build/Products/Debug-iphonesimulator/Groupo.app/Extensions --platform iphonesimulator --toolchain /Applications/Xcode.app/Contents/Developer/Toolchains/XcodeDefault.xctoolchain --destination /Users/joaoigor/Library/Developer/Xcode/DerivedData/Groupo-dkbenmrrrxpeuaeafdvsadkrpzpe/Build/Products/Debug-iphonesimulator/Groupo.app/Frameworks --strip-bitcode --strip-bitcode-tool /Applications/Xcode.app/Contents/Developer/Toolchains/XcodeDefault.xctoolchain/usr/bin/bitcode_strip --emit-dependency-info /Users/joaoigor/Library/Developer/Xcode/DerivedData/Groupo-dkbenmrrrxpeuaeafdvsadkrpzpe/Build/Intermediates.noindex/Groupo.build/Debug-iphonesimulator/Groupo.build/SwiftStdLibToolInputDependencies.dep --filter-for-swift-os

ExtractAppIntentsMetadata (in target 'Groupo' from project 'Groupo')
    cd /Users/joaoigor/Developer/Groupo
    /Applications/Xcode.app/Contents/Developer/Toolchains/XcodeDefault.xctoolchain/usr/bin/appintentsmetadataprocessor --toolchain-dir /Applications/Xcode.app/Contents/Developer/Toolchains/XcodeDefault.xctoolchain --module-name Groupo --sdk-root /Applications/Xcode.app/Contents/Developer/Platforms/iPhoneSimulator.platform/Developer/SDKs/iPhoneSimulator26.0.sdk --xcode-version 17A324 --platform-family iOS --deployment-target 26.0 --bundle-identifier joaoigor.Groupo --output /Users/joaoigor/Library/Developer/Xcode/DerivedData/Groupo-dkbenmrrrxpeuaeafdvsadkrpzpe/Build/Products/Debug-iphonesimulator/Groupo.app --target-triple arm64-apple-ios26.0-simulator --binary-file /Users/joaoigor/Library/Developer/Xcode/DerivedData/Groupo-dkbenmrrrxpeuaeafdvsadkrpzpe/Build/Products/Debug-iphonesimulator/Groupo.app/Groupo --dependency-file /Users/joaoigor/Library/Developer/Xcode/DerivedData/Groupo-dkbenmrrrxpeuaeafdvsadkrpzpe/Build/Intermediates.noindex/Groupo.build/Debug-iphonesimulator/Groupo.build/Objects-normal/arm64/Groupo_dependency_info.dat --stringsdata-file /Users/joaoigor/Library/Developer/Xcode/DerivedData/Groupo-dkbenmrrrxpeuaeafdvsadkrpzpe/Build/Intermediates.noindex/Groupo.build/Debug-iphonesimulator/Groupo.build/Objects-normal/arm64/ExtractedAppShortcutsMetadata.stringsdata --source-file-list /Users/joaoigor/Library/Developer/Xcode/DerivedData/Groupo-dkbenmrrrxpeuaeafdvsadkrpzpe/Build/Intermediates.noindex/Groupo.build/Debug-iphonesimulator/Groupo.build/Objects-normal/arm64/Groupo.SwiftFileList --metadata-file-list /Users/joaoigor/Library/Developer/Xcode/DerivedData/Groupo-dkbenmrrrxpeuaeafdvsadkrpzpe/Build/Intermediates.noindex/Groupo.build/Debug-iphonesimulator/Groupo.build/Groupo.DependencyMetadataFileList --static-metadata-file-list /Users/joaoigor/Library/Developer/Xcode/DerivedData/Groupo-dkbenmrrrxpeuaeafdvsadkrpzpe/Build/Intermediates.noindex/Groupo.build/Debug-iphonesimulator/Groupo.build/Groupo.DependencyStaticMetadataFileList --swift-const-vals-list /Users/joaoigor/Library/Developer/Xcode/DerivedData/Groupo-dkbenmrrrxpeuaeafdvsadkrpzpe/Build/Intermediates.noindex/Groupo.build/Debug-iphonesimulator/Groupo.build/Objects-normal/arm64/Groupo.SwiftConstValuesFileList --compile-time-extraction --deployment-aware-processing --validate-assistant-intents --no-app-shortcuts-localization
2026-02-18 00:27:34.336 appintentsmetadataprocessor[97275:9518063] Starting appintentsmetadataprocessor export
2026-02-18 00:27:34.338 appintentsmetadataprocessor[97275:9518063] warning: Metadata extraction skipped. No AppIntents.framework dependency found.

CodeSign /Users/joaoigor/Library/Developer/Xcode/DerivedData/Groupo-dkbenmrrrxpeuaeafdvsadkrpzpe/Build/Products/Debug-iphonesimulator/Groupo.app/Groupo.debug.dylib (in target 'Groupo' from project 'Groupo')
    cd /Users/joaoigor/Developer/Groupo
    
    Signing Identity:     "Sign to Run Locally"
    
    /usr/bin/codesign --force --sign - --timestamp\=none --generate-entitlement-der /Users/joaoigor/Library/Developer/Xcode/DerivedData/Groupo-dkbenmrrrxpeuaeafdvsadkrpzpe/Build/Products/Debug-iphonesimulator/Groupo.app/Groupo.debug.dylib

CodeSign /Users/joaoigor/Library/Developer/Xcode/DerivedData/Groupo-dkbenmrrrxpeuaeafdvsadkrpzpe/Build/Products/Debug-iphonesimulator/Groupo.app/__preview.dylib (in target 'Groupo' from project 'Groupo')
    cd /Users/joaoigor/Developer/Groupo
    
    Signing Identity:     "Sign to Run Locally"
    
    /usr/bin/codesign --force --sign - --timestamp\=none --generate-entitlement-der /Users/joaoigor/Library/Developer/Xcode/DerivedData/Groupo-dkbenmrrrxpeuaeafdvsadkrpzpe/Build/Products/Debug-iphonesimulator/Groupo.app/__preview.dylib

CodeSign /Users/joaoigor/Library/Developer/Xcode/DerivedData/Groupo-dkbenmrrrxpeuaeafdvsadkrpzpe/Build/Products/Debug-iphonesimulator/Groupo.app (in target 'Groupo' from project 'Groupo')
    cd /Users/joaoigor/Developer/Groupo
    
    Signing Identity:     "Sign to Run Locally"
    
    /usr/bin/codesign --force --sign - --timestamp\=none --generate-entitlement-der /Users/joaoigor/Library/Developer/Xcode/DerivedData/Groupo-dkbenmrrrxpeuaeafdvsadkrpzpe/Build/Products/Debug-iphonesimulator/Groupo.app

Validate /Users/joaoigor/Library/Developer/Xcode/DerivedData/Groupo-dkbenmrrrxpeuaeafdvsadkrpzpe/Build/Products/Debug-iphonesimulator/Groupo.app (in target 'Groupo' from project 'Groupo')
    cd /Users/joaoigor/Developer/Groupo
    builtin-validationUtility /Users/joaoigor/Library/Developer/Xcode/DerivedData/Groupo-dkbenmrrrxpeuaeafdvsadkrpzpe/Build/Products/Debug-iphonesimulator/Groupo.app -shallow-bundle -infoplist-subpath Info.plist

note: Disabling hardened runtime with ad-hoc codesigning. (in target 'Groupo' from project 'Groupo')
** BUILD SUCCEEDED **

