Command line invocation:
    /Applications/Xcode.app/Contents/Developer/usr/bin/xcodebuild -project ../Groupo.xcodeproj -scheme Groupo -destination "platform=iOS Simulator,name=iPhone 17" build

2026-02-18 00:25:28.844 xcodebuild[96028:9513398] [MT] IDERunDestination: Supported platforms for the buildables in the current scheme is empty.
ComputePackagePrebuildTargetDependencyGraph

Prepare packages

CreateBuildRequest

SendProjectDescription

CreateBuildOperation

ComputeTargetDependencyGraph
note: Building targets in dependency order
note: Target dependency graph (1 target)
    Target 'Groupo' in project 'Groupo' (no dependencies)

GatherProvisioningInputs

CreateBuildDescription

ExecuteExternalTool /Applications/Xcode.app/Contents/Developer/Toolchains/XcodeDefault.xctoolchain/usr/bin/clang -v -E -dM -isysroot /Applications/Xcode.app/Contents/Developer/Platforms/iPhoneSimulator.platform/Developer/SDKs/iPhoneSimulator26.0.sdk -x c -c /dev/null

ExecuteExternalTool /Applications/Xcode.app/Contents/Developer/usr/bin/actool --print-asset-tag-combinations --output-format xml1 /Users/joaoigor/Developer/Groupo/Groupo/Groupo/Resources/Assets.xcassets

ExecuteExternalTool /Applications/Xcode.app/Contents/Developer/usr/bin/actool --version --output-format xml1

ExecuteExternalTool /Applications/Xcode.app/Contents/Developer/Toolchains/XcodeDefault.xctoolchain/usr/bin/swiftc --version

ExecuteExternalTool /Applications/Xcode.app/Contents/Developer/Toolchains/XcodeDefault.xctoolchain/usr/bin/ld -version_details

Build description signature: a3d03e88447fe97a2198ada792cab061
Build description path: /Users/joaoigor/Library/Developer/Xcode/DerivedData/Groupo-dkbenmrrrxpeuaeafdvsadkrpzpe/Build/Intermediates.noindex/XCBuildData/a3d03e88447fe97a2198ada792cab061.xcbuilddata
ClangStatCache /Applications/Xcode.app/Contents/Developer/Toolchains/XcodeDefault.xctoolchain/usr/bin/clang-stat-cache /Applications/Xcode.app/Contents/Developer/Platforms/iPhoneSimulator.platform/Developer/SDKs/iPhoneSimulator26.0.sdk /Users/joaoigor/Library/Developer/Xcode/DerivedData/SDKStatCaches.noindex/iphonesimulator26.0-23A339-26257891a6c027eb51374368541b8346.sdkstatcache
    cd /Users/joaoigor/Developer/Groupo/Groupo.xcodeproj
    /Applications/Xcode.app/Contents/Developer/Toolchains/XcodeDefault.xctoolchain/usr/bin/clang-stat-cache /Applications/Xcode.app/Contents/Developer/Platforms/iPhoneSimulator.platform/Developer/SDKs/iPhoneSimulator26.0.sdk -o /Users/joaoigor/Library/Developer/Xcode/DerivedData/SDKStatCaches.noindex/iphonesimulator26.0-23A339-26257891a6c027eb51374368541b8346.sdkstatcache

CpResource /Users/joaoigor/Library/Developer/Xcode/DerivedData/Groupo-dkbenmrrrxpeuaeafdvsadkrpzpe/Build/Products/Debug-iphonesimulator/Groupo.app/build_retry.log /Users/joaoigor/Developer/Groupo/Groupo/build_retry.log (in target 'Groupo' from project 'Groupo')
    cd /Users/joaoigor/Developer/Groupo
    builtin-copy -exclude .DS_Store -exclude CVS -exclude .svn -exclude .git -exclude .hg -resolve-src-symlinks /Users/joaoigor/Developer/Groupo/Groupo/build_retry.log /Users/joaoigor/Library/Developer/Xcode/DerivedData/Groupo-dkbenmrrrxpeuaeafdvsadkrpzpe/Build/Products/Debug-iphonesimulator/Groupo.app

CpResource /Users/joaoigor/Library/Developer/Xcode/DerivedData/Groupo-dkbenmrrrxpeuaeafdvsadkrpzpe/Build/Products/Debug-iphonesimulator/Groupo.app/build.log /Users/joaoigor/Developer/Groupo/Groupo/build.log (in target 'Groupo' from project 'Groupo')
    cd /Users/joaoigor/Developer/Groupo
    builtin-copy -exclude .DS_Store -exclude CVS -exclude .svn -exclude .git -exclude .hg -resolve-src-symlinks /Users/joaoigor/Developer/Groupo/Groupo/build.log /Users/joaoigor/Library/Developer/Xcode/DerivedData/Groupo-dkbenmrrrxpeuaeafdvsadkrpzpe/Build/Products/Debug-iphonesimulator/Groupo.app

ProcessInfoPlistFile /Users/joaoigor/Library/Developer/Xcode/DerivedData/Groupo-dkbenmrrrxpeuaeafdvsadkrpzpe/Build/Products/Debug-iphonesimulator/Groupo.app/Info.plist /Users/joaoigor/Library/Developer/Xcode/DerivedData/Groupo-dkbenmrrrxpeuaeafdvsadkrpzpe/Build/Intermediates.noindex/Groupo.build/Debug-iphonesimulator/Groupo.build/empty-Groupo.plist (in target 'Groupo' from project 'Groupo')
    cd /Users/joaoigor/Developer/Groupo
    builtin-infoPlistUtility /Users/joaoigor/Library/Developer/Xcode/DerivedData/Groupo-dkbenmrrrxpeuaeafdvsadkrpzpe/Build/Intermediates.noindex/Groupo.build/Debug-iphonesimulator/Groupo.build/empty-Groupo.plist -producttype com.apple.product-type.application -genpkginfo /Users/joaoigor/Library/Developer/Xcode/DerivedData/Groupo-dkbenmrrrxpeuaeafdvsadkrpzpe/Build/Products/Debug-iphonesimulator/Groupo.app/PkgInfo -expandbuildsettings -format binary -platform iphonesimulator -additionalcontentfile /Users/joaoigor/Library/Developer/Xcode/DerivedData/Groupo-dkbenmrrrxpeuaeafdvsadkrpzpe/Build/Intermediates.noindex/Groupo.build/Debug-iphonesimulator/Groupo.build/assetcatalog_generated_info.plist -o /Users/joaoigor/Library/Developer/Xcode/DerivedData/Groupo-dkbenmrrrxpeuaeafdvsadkrpzpe/Build/Products/Debug-iphonesimulator/Groupo.app/Info.plist

SwiftDriver Groupo normal arm64 com.apple.xcode.tools.swift.compiler (in target 'Groupo' from project 'Groupo')
    cd /Users/joaoigor/Developer/Groupo
    builtin-SwiftDriver -- /Applications/Xcode.app/Contents/Developer/Toolchains/XcodeDefault.xctoolchain/usr/bin/swiftc -module-name Groupo -Onone -enforce-exclusivity\=checked @/Users/joaoigor/Library/Developer/Xcode/DerivedData/Groupo-dkbenmrrrxpeuaeafdvsadkrpzpe/Build/Intermediates.noindex/Groupo.build/Debug-iphonesimulator/Groupo.build/Objects-normal/arm64/Groupo.SwiftFileList -DDEBUG -default-isolation\=MainActor -enable-bare-slash-regex -enable-upcoming-feature DisableOutwardActorInference -enable-upcoming-feature InferSendableFromCaptures -enable-upcoming-feature GlobalActorIsolatedTypesUsability -enable-upcoming-feature MemberImportVisibility -enable-upcoming-feature InferIsolatedConformances -enable-upcoming-feature NonisolatedNonsendingByDefault -enable-experimental-feature DebugDescriptionMacro -sdk /Applications/Xcode.app/Contents/Developer/Platforms/iPhoneSimulator.platform/Developer/SDKs/iPhoneSimulator26.0.sdk -target arm64-apple-ios26.0-simulator -g -module-cache-path /Users/joaoigor/Library/Developer/Xcode/DerivedData/ModuleCache.noindex -Xfrontend -serialize-debugging-options -enable-testing -index-store-path /Users/joaoigor/Library/Developer/Xcode/DerivedData/Groupo-dkbenmrrrxpeuaeafdvsadkrpzpe/Index.noindex/DataStore -Xcc -D_LIBCPP_HARDENING_MODE\=_LIBCPP_HARDENING_MODE_DEBUG -swift-version 5 -I /Users/joaoigor/Library/Developer/Xcode/DerivedData/Groupo-dkbenmrrrxpeuaeafdvsadkrpzpe/Build/Products/Debug-iphonesimulator -F /Users/joaoigor/Library/Developer/Xcode/DerivedData/Groupo-dkbenmrrrxpeuaeafdvsadkrpzpe/Build/Products/Debug-iphonesimulator -emit-localized-strings -emit-localized-strings-path /Users/joaoigor/Library/Developer/Xcode/DerivedData/Groupo-dkbenmrrrxpeuaeafdvsadkrpzpe/Build/Intermediates.noindex/Groupo.build/Debug-iphonesimulator/Groupo.build/Objects-normal/arm64 -c -j11 -enable-batch-mode -incremental -Xcc -ivfsstatcache -Xcc /Users/joaoigor/Library/Developer/Xcode/DerivedData/SDKStatCaches.noindex/iphonesimulator26.0-23A339-26257891a6c027eb51374368541b8346.sdkstatcache -output-file-map /Users/joaoigor/Library/Developer/Xcode/DerivedData/Groupo-dkbenmrrrxpeuaeafdvsadkrpzpe/Build/Intermediates.noindex/Groupo.build/Debug-iphonesimulator/Groupo.build/Objects-normal/arm64/Groupo-OutputFileMap.json -use-frontend-parseable-output -save-temps -no-color-diagnostics -explicit-module-build -module-cache-path /Users/joaoigor/Library/Developer/Xcode/DerivedData/Groupo-dkbenmrrrxpeuaeafdvsadkrpzpe/Build/Intermediates.noindex/SwiftExplicitPrecompiledModules -clang-scanner-module-cache-path /Users/joaoigor/Library/Developer/Xcode/DerivedData/ModuleCache.noindex -sdk-module-cache-path /Users/joaoigor/Library/Developer/Xcode/DerivedData/ModuleCache.noindex -serialize-diagnostics -emit-dependencies -emit-module -emit-module-path /Users/joaoigor/Library/Developer/Xcode/DerivedData/Groupo-dkbenmrrrxpeuaeafdvsadkrpzpe/Build/Intermediates.noindex/Groupo.build/Debug-iphonesimulator/Groupo.build/Objects-normal/arm64/Groupo.swiftmodule -validate-clang-modules-once -clang-build-session-file /Users/joaoigor/Library/Developer/Xcode/DerivedData/ModuleCache.noindex/Session.modulevalidation -Xcc -I/Users/joaoigor/Library/Developer/Xcode/DerivedData/Groupo-dkbenmrrrxpeuaeafdvsadkrpzpe/Build/Intermediates.noindex/Groupo.build/Debug-iphonesimulator/Groupo.build/swift-overrides.hmap -emit-const-values -Xfrontend -const-gather-protocols-file -Xfrontend /Users/joaoigor/Library/Developer/Xcode/DerivedData/Groupo-dkbenmrrrxpeuaeafdvsadkrpzpe/Build/Intermediates.noindex/Groupo.build/Debug-iphonesimulator/Groupo.build/Objects-normal/arm64/Groupo_const_extract_protocols.json -Xcc -iquote -Xcc /Users/joaoigor/Library/Developer/Xcode/DerivedData/Groupo-dkbenmrrrxpeuaeafdvsadkrpzpe/Build/Intermediates.noindex/Groupo.build/Debug-iphonesimulator/Groupo.build/Groupo-generated-files.hmap -Xcc -I/Users/joaoigor/Library/Developer/Xcode/DerivedData/Groupo-dkbenmrrrxpeuaeafdvsadkrpzpe/Build/Intermediates.noindex/Groupo.build/Debug-iphonesimulator/Groupo.build/Groupo-own-target-headers.hmap -Xcc -I/Users/joaoigor/Library/Developer/Xcode/DerivedData/Groupo-dkbenmrrrxpeuaeafdvsadkrpzpe/Build/Intermediates.noindex/Groupo.build/Debug-iphonesimulator/Groupo.build/Groupo-all-target-headers.hmap -Xcc -iquote -Xcc /Users/joaoigor/Library/Developer/Xcode/DerivedData/Groupo-dkbenmrrrxpeuaeafdvsadkrpzpe/Build/Intermediates.noindex/Groupo.build/Debug-iphonesimulator/Groupo.build/Groupo-project-headers.hmap -Xcc -I/Users/joaoigor/Library/Developer/Xcode/DerivedData/Groupo-dkbenmrrrxpeuaeafdvsadkrpzpe/Build/Products/Debug-iphonesimulator/include -Xcc -I/Users/joaoigor/Library/Developer/Xcode/DerivedData/Groupo-dkbenmrrrxpeuaeafdvsadkrpzpe/Build/Intermediates.noindex/Groupo.build/Debug-iphonesimulator/Groupo.build/DerivedSources-normal/arm64 -Xcc -I/Users/joaoigor/Library/Developer/Xcode/DerivedData/Groupo-dkbenmrrrxpeuaeafdvsadkrpzpe/Build/Intermediates.noindex/Groupo.build/Debug-iphonesimulator/Groupo.build/DerivedSources/arm64 -Xcc -I/Users/joaoigor/Library/Developer/Xcode/DerivedData/Groupo-dkbenmrrrxpeuaeafdvsadkrpzpe/Build/Intermediates.noindex/Groupo.build/Debug-iphonesimulator/Groupo.build/DerivedSources -Xcc -DDEBUG\=1 -emit-objc-header -emit-objc-header-path /Users/joaoigor/Library/Developer/Xcode/DerivedData/Groupo-dkbenmrrrxpeuaeafdvsadkrpzpe/Build/Intermediates.noindex/Groupo.build/Debug-iphonesimulator/Groupo.build/Objects-normal/arm64/Groupo-Swift.h -working-directory /Users/joaoigor/Developer/Groupo -experimental-emit-module-separately -disable-cmo

SwiftCompile normal arm64 Compiling\ GovernanceViewModel.swift,\ InviteLandingViewModel.swift,\ LedgerViewModel.swift,\ MainViewModel.swift,\ ProfileViewModel.swift /Users/joaoigor/Developer/Groupo/Groupo/Groupo/ViewModels/GovernanceViewModel.swift /Users/joaoigor/Developer/Groupo/Groupo/Groupo/ViewModels/InviteLandingViewModel.swift /Users/joaoigor/Developer/Groupo/Groupo/Groupo/ViewModels/LedgerViewModel.swift /Users/joaoigor/Developer/Groupo/Groupo/Groupo/ViewModels/MainViewModel.swift /Users/joaoigor/Developer/Groupo/Groupo/Groupo/ViewModels/ProfileViewModel.swift (in target 'Groupo' from project 'Groupo')

SwiftCompile normal arm64 /Users/joaoigor/Developer/Groupo/Groupo/Groupo/ViewModels/GovernanceViewModel.swift (in target 'Groupo' from project 'Groupo')
    cd /Users/joaoigor/Developer/Groupo
    

SwiftCompile normal arm64 /Users/joaoigor/Developer/Groupo/Groupo/Groupo/ViewModels/InviteLandingViewModel.swift (in target 'Groupo' from project 'Groupo')
    cd /Users/joaoigor/Developer/Groupo
    

SwiftCompile normal arm64 /Users/joaoigor/Developer/Groupo/Groupo/Groupo/ViewModels/LedgerViewModel.swift (in target 'Groupo' from project 'Groupo')
    cd /Users/joaoigor/Developer/Groupo
    

SwiftCompile normal arm64 /Users/joaoigor/Developer/Groupo/Groupo/Groupo/ViewModels/MainViewModel.swift (in target 'Groupo' from project 'Groupo')
    cd /Users/joaoigor/Developer/Groupo
    

SwiftCompile normal arm64 /Users/joaoigor/Developer/Groupo/Groupo/Groupo/ViewModels/ProfileViewModel.swift (in target 'Groupo' from project 'Groupo')
    cd /Users/joaoigor/Developer/Groupo
    

SwiftCompile normal arm64 Compiling\ Font+Theme.swift,\ HapticManager.swift,\ CreateChallengeViewModel.swift,\ CreateExpenseViewModel.swift,\ DashboardViewModel.swift /Users/joaoigor/Developer/Groupo/Groupo/Groupo/Utils/Font+Theme.swift /Users/joaoigor/Developer/Groupo/Groupo/Groupo/Utils/HapticManager.swift /Users/joaoigor/Developer/Groupo/Groupo/Groupo/ViewModels/CreateChallengeViewModel.swift /Users/joaoigor/Developer/Groupo/Groupo/Groupo/ViewModels/CreateExpenseViewModel.swift /Users/joaoigor/Developer/Groupo/Groupo/Groupo/ViewModels/DashboardViewModel.swift (in target 'Groupo' from project 'Groupo')
SwiftCompile normal arm64 /Users/joaoigor/Developer/Groupo/Groupo/Groupo/Utils/Font+Theme.swift (in target 'Groupo' from project 'Groupo')
    cd /Users/joaoigor/Developer/Groupo
    

SwiftCompile normal arm64 /Users/joaoigor/Developer/Groupo/Groupo/Groupo/Utils/HapticManager.swift (in target 'Groupo' from project 'Groupo')
    cd /Users/joaoigor/Developer/Groupo
    

SwiftCompile normal arm64 /Users/joaoigor/Developer/Groupo/Groupo/Groupo/ViewModels/CreateChallengeViewModel.swift (in target 'Groupo' from project 'Groupo')
    cd /Users/joaoigor/Developer/Groupo
    

SwiftCompile normal arm64 /Users/joaoigor/Developer/Groupo/Groupo/Groupo/ViewModels/CreateExpenseViewModel.swift (in target 'Groupo' from project 'Groupo')
    cd /Users/joaoigor/Developer/Groupo
    

SwiftCompile normal arm64 /Users/joaoigor/Developer/Groupo/Groupo/Groupo/ViewModels/DashboardViewModel.swift (in target 'Groupo' from project 'Groupo')
    cd /Users/joaoigor/Developer/Groupo
    

SwiftCompile normal arm64 Compiling\ User.swift,\ Vote.swift,\ WithdrawalRequest.swift,\ MockDataService.swift,\ NetworkService.swift /Users/joaoigor/Developer/Groupo/Groupo/Groupo/Models/User.swift /Users/joaoigor/Developer/Groupo/Groupo/Groupo/Models/Vote.swift /Users/joaoigor/Developer/Groupo/Groupo/Groupo/Models/WithdrawalRequest.swift /Users/joaoigor/Developer/Groupo/Groupo/Groupo/Services/MockDataService.swift /Users/joaoigor/Developer/Groupo/Groupo/Groupo/Services/NetworkService.swift (in target 'Groupo' from project 'Groupo')
SwiftCompile normal arm64 /Users/joaoigor/Developer/Groupo/Groupo/Groupo/Models/User.swift (in target 'Groupo' from project 'Groupo')
    cd /Users/joaoigor/Developer/Groupo
    

SwiftCompile normal arm64 /Users/joaoigor/Developer/Groupo/Groupo/Groupo/Models/Vote.swift (in target 'Groupo' from project 'Groupo')
    cd /Users/joaoigor/Developer/Groupo
    

SwiftCompile normal arm64 /Users/joaoigor/Developer/Groupo/Groupo/Groupo/Models/WithdrawalRequest.swift (in target 'Groupo' from project 'Groupo')
    cd /Users/joaoigor/Developer/Groupo
    

SwiftCompile normal arm64 /Users/joaoigor/Developer/Groupo/Groupo/Groupo/Services/MockDataService.swift (in target 'Groupo' from project 'Groupo')
    cd /Users/joaoigor/Developer/Groupo
    

SwiftCompile normal arm64 /Users/joaoigor/Developer/Groupo/Groupo/Groupo/Services/NetworkService.swift (in target 'Groupo' from project 'Groupo')
    cd /Users/joaoigor/Developer/Groupo
    

SwiftCompile normal arm64 Compiling\ RequestWithdrawalViewModel.swift,\ CreateChallengeView.swift,\ AdaptiveSheet.swift,\ CardContainer.swift,\ InputField.swift /Users/joaoigor/Developer/Groupo/Groupo/Groupo/ViewModels/RequestWithdrawalViewModel.swift /Users/joaoigor/Developer/Groupo/Groupo/Groupo/Views/ActionHub/CreateChallengeView.swift /Users/joaoigor/Developer/Groupo/Groupo/Groupo/Views/Components/AdaptiveSheet.swift /Users/joaoigor/Developer/Groupo/Groupo/Groupo/Views/Components/CardContainer.swift /Users/joaoigor/Developer/Groupo/Groupo/Groupo/Views/Components/InputField.swift (in target 'Groupo' from project 'Groupo')

SwiftCompile normal arm64 /Users/joaoigor/Developer/Groupo/Groupo/Groupo/ViewModels/RequestWithdrawalViewModel.swift (in target 'Groupo' from project 'Groupo')
    cd /Users/joaoigor/Developer/Groupo
    

SwiftCompile normal arm64 /Users/joaoigor/Developer/Groupo/Groupo/Groupo/Views/ActionHub/CreateChallengeView.swift (in target 'Groupo' from project 'Groupo')
    cd /Users/joaoigor/Developer/Groupo
    

SwiftCompile normal arm64 /Users/joaoigor/Developer/Groupo/Groupo/Groupo/Views/Components/AdaptiveSheet.swift (in target 'Groupo' from project 'Groupo')
    cd /Users/joaoigor/Developer/Groupo
    

SwiftCompile normal arm64 /Users/joaoigor/Developer/Groupo/Groupo/Groupo/Views/Components/CardContainer.swift (in target 'Groupo' from project 'Groupo')
    cd /Users/joaoigor/Developer/Groupo
    

SwiftCompile normal arm64 /Users/joaoigor/Developer/Groupo/Groupo/Groupo/Views/Components/InputField.swift (in target 'Groupo' from project 'Groupo')
    cd /Users/joaoigor/Developer/Groupo
    

SwiftEmitModule normal arm64 Emitting\ module\ for\ Groupo (in target 'Groupo' from project 'Groupo')
Failed frontend command:
/Applications/Xcode.app/Contents/Developer/Toolchains/XcodeDefault.xctoolchain/usr/bin/swift-frontend -frontend -emit-module -experimental-skip-non-inlinable-function-bodies-without-types /Users/joaoigor/Developer/Groupo/Groupo/Groupo/Coordinators/Coordinator.swift /Users/joaoigor/Developer/Groupo/Groupo/Groupo/Coordinators/MainCoordinator.swift /Users/joaoigor/Developer/Groupo/Groupo/Groupo/Models/Challenge.swift /Users/joaoigor/Developer/Groupo/Groupo/Groupo/Models/Group.swift /Users/joaoigor/Developer/Groupo/Groupo/Groupo/Models/Transaction.swift /Users/joaoigor/Developer/Groupo/Groupo/Groupo/Models/User.swift /Users/joaoigor/Developer/Groupo/Groupo/Groupo/Models/Vote.swift /Users/joaoigor/Developer/Groupo/Groupo/Groupo/Models/WithdrawalRequest.swift /Users/joaoigor/Developer/Groupo/Groupo/Groupo/Services/MockDataService.swift /Users/joaoigor/Developer/Groupo/Groupo/Groupo/Services/NetworkService.swift /Users/joaoigor/Developer/Groupo/Groupo/Groupo/Utils/Font+Theme.swift /Users/joaoigor/Developer/Groupo/Groupo/Groupo/Utils/HapticManager.swift /Users/joaoigor/Developer/Groupo/Groupo/Groupo/Utils/NavigationRouter.swift /Users/joaoigor/Developer/Groupo/Groupo/Groupo/Utils/Theme.swift /Users/joaoigor/Developer/Groupo/Groupo/Groupo/Utils/ToastManager.swift /Users/joaoigor/Developer/Groupo/Groupo/Groupo/ViewModels/Dashboard/MemberListViewModel.swift /Users/joaoigor/Developer/Groupo/Groupo/Groupo/ViewModels/ContentViewModel.swift /Users/joaoigor/Developer/Groupo/Groupo/Groupo/ViewModels/CreateChallengeViewModel.swift /Users/joaoigor/Developer/Groupo/Groupo/Groupo/ViewModels/CreateExpenseViewModel.swift /Users/joaoigor/Developer/Groupo/Groupo/Groupo/ViewModels/DashboardViewModel.swift /Users/joaoigor/Developer/Groupo/Groupo/Groupo/ViewModels/GovernanceViewModel.swift /Users/joaoigor/Developer/Groupo/Groupo/Groupo/ViewModels/InviteLandingViewModel.swift /Users/joaoigor/Developer/Groupo/Groupo/Groupo/ViewModels/LedgerViewModel.swift /Users/joaoigor/Developer/Groupo/Groupo/Groupo/ViewModels/MainViewModel.swift /Users/joaoigor/Developer/Groupo/Groupo/Groupo/ViewModels/ProfileViewModel.swift /Users/joaoigor/Developer/Groupo/Groupo/Groupo/ViewModels/RequestWithdrawalViewModel.swift /Users/joaoigor/Developer/Groupo/Groupo/Groupo/Views/ActionHub/CreateChallengeView.swift /Users/joaoigor/Developer/Groupo/Groupo/Groupo/Views/Components/AdaptiveSheet.swift /Users/joaoigor/Developer/Groupo/Groupo/Groupo/Views/Components/CardContainer.swift /Users/joaoigor/Developer/Groupo/Groupo/Groupo/Views/Components/InputField.swift /Users/joaoigor/Developer/Groupo/Groupo/Groupo/Views/Components/PrimaryButton.swift /Users/joaoigor/Developer/Groupo/Groupo/Groupo/Views/Components/SecondaryButton.swift /Users/joaoigor/Developer/Groupo/Groupo/Groupo/Views/Components/SkeletonView.swift /Users/joaoigor/Developer/Groupo/Groupo/Groupo/Views/Components/ToastView.swift /Users/joaoigor/Developer/Groupo/Groupo/Groupo/Views/Dashboard/Components/ActivityFeedView.swift /Users/joaoigor/Developer/Groupo/Groupo/Groupo/Views/Dashboard/Components/MemberDetailView.swift /Users/joaoigor/Developer/Groupo/Groupo/Groupo/Views/Dashboard/Components/MemberListView.swift /Users/joaoigor/Developer/Groupo/Groupo/Groupo/Views/Dashboard/ActiveChallengeCard.swift /Users/joaoigor/Developer/Groupo/Groupo/Groupo/Views/Dashboard/DashboardView.swift /Users/joaoigor/Developer/Groupo/Groupo/Groupo/Views/Dashboard/PersonalStakeCard.swift /Users/joaoigor/Developer/Groupo/Groupo/Groupo/Views/Governance/ChallengeDetailView.swift /Users/joaoigor/Developer/Groupo/Groupo/Groupo/Views/Governance/ChallengeVotingView.swift /Users/joaoigor/Developer/Groupo/Groupo/Groupo/Views/Governance/GovernanceView.swift /Users/joaoigor/Developer/Groupo/Groupo/Groupo/Views/Governance/WithdrawalVotingView.swift /Users/joaoigor/Developer/Groupo/Groupo/Groupo/Views/Ledger/CreateExpenseView.swift /Users/joaoigor/Developer/Groupo/Groupo/Groupo/Views/Ledger/CustomSplitView.swift /Users/joaoigor/Developer/Groupo/Groupo/Groupo/Views/Ledger/LedgerView.swift /Users/joaoigor/Developer/Groupo/Groupo/Groupo/Views/Ledger/TransactionDetailView.swift /Users/joaoigor/Developer/Groupo/Groupo/Groupo/Views/Main/ActionMenuSheet.swift /Users/joaoigor/Developer/Groupo/Groupo/Groupo/Views/Main/MainTabView.swift /Users/joaoigor/Developer/Groupo/Groupo/Groupo/Views/Main/RequestWithdrawalView.swift /Users/joaoigor/Developer/Groupo/Groupo/Groupo/Views/Onboarding/InviteLandingView.swift /Users/joaoigor/Developer/Groupo/Groupo/Groupo/Views/Profile/AppSettingsView.swift /Users/joaoigor/Developer/Groupo/Groupo/Groupo/Views/Profile/PIXKeysView.swift /Users/joaoigor/Developer/Groupo/Groupo/Groupo/Views/Profile/ProfileView.swift /Users/joaoigor/Developer/Groupo/Groupo/Groupo/GroupoApp.swift /Users/joaoigor/Library/Developer/Xcode/DerivedData/Groupo-dkbenmrrrxpeuaeafdvsadkrpzpe/Build/Intermediates.noindex/Groupo.build/Debug-iphonesimulator/Groupo.build/DerivedSources/GeneratedAssetSymbols.swift -target arm64-apple-ios26.0-simulator -module-can-import-version DeveloperToolsSupport 23.0.4 23.0.4 -module-can-import-version SwiftUI 7.0.84.1 7.0.84 -module-can-import-version UIKit 9088.1.113 9088.1.113 -disable-cross-import-overlay-search -swift-module-cross-import PhotosUI /Applications/Xcode.app/Contents/Developer/Platforms/iPhoneSimulator.platform/Developer/SDKs/iPhoneSimulator.sdk/System/Library/Frameworks/PhotosUI.framework/Modules/PhotosUI.swiftcrossimport/SwiftUI.swiftoverlay -swift-module-cross-import PhotosUI /Applications/Xcode.app/Contents/Developer/Platforms/iPhoneSimulator.platform/Developer/SDKs/iPhoneSimulator.sdk/System/Library/Frameworks/PhotosUI.framework/Modules/PhotosUI.swiftcrossimport/WidgetKit.swiftoverlay -swift-module-cross-import PhotosUI /Applications/Xcode.app/Contents/Developer/Platforms/iPhoneSimulator.platform/Developer/SDKs/iPhoneSimulator26.0.sdk/System/Library/Frameworks/PhotosUI.framework/Modules/PhotosUI.swiftcrossimport/SwiftUI.swiftoverlay -swift-module-cross-import PhotosUI /Applications/Xcode.app/Contents/Developer/Platforms/iPhoneSimulator.platform/Developer/SDKs/iPhoneSimulator26.0.sdk/System/Library/Frameworks/PhotosUI.framework/Modules/PhotosUI.swiftcrossimport/WidgetKit.swiftoverlay -load-resolved-plugin /Applications/Xcode.app/Contents/Developer/Platforms/iPhoneOS.platform/Developer/usr/lib/swift/host/plugins/libFoundationMacros.dylib\#/Applications/Xcode.app/Contents/Developer/Platforms/iPhoneOS.platform/Developer/usr/bin/swift-plugin-server\#FoundationMacros -load-resolved-plugin /Applications/Xcode.app/Contents/Developer/Platforms/iPhoneOS.platform/Developer/usr/lib/swift/host/plugins/libObservationMacros.dylib\#/Applications/Xcode.app/Contents/Developer/Platforms/iPhoneOS.platform/Developer/usr/bin/swift-plugin-server\#ObservationMacros -load-resolved-plugin /Applications/Xcode.app/Contents/Developer/Platforms/iPhoneOS.platform/Developer/usr/lib/swift/host/plugins/libPreviewsMacros.dylib\#/Applications/Xcode.app/Contents/Developer/Platforms/iPhoneOS.platform/Developer/usr/bin/swift-plugin-server\#PreviewsMacros -load-resolved-plugin /Applications/Xcode.app/Contents/Developer/Platforms/iPhoneOS.platform/Developer/usr/lib/swift/host/plugins/libSwiftMacros.dylib\#/Applications/Xcode.app/Contents/Developer/Platforms/iPhoneOS.platform/Developer/usr/bin/swift-plugin-server\#SwiftMacros -load-resolved-plugin /Applications/Xcode.app/Contents/Developer/Platforms/iPhoneOS.platform/Developer/usr/lib/swift/host/plugins/libSwiftUIMacros.dylib\#/Applications/Xcode.app/Contents/Developer/Platforms/iPhoneOS.platform/Developer/usr/bin/swift-plugin-server\#SwiftUIMacros -disable-implicit-swift-modules -Xcc -fno-implicit-modules -Xcc -fno-implicit-module-maps -explicit-swift-module-map-file /Users/joaoigor/Library/Developer/Xcode/DerivedData/Groupo-dkbenmrrrxpeuaeafdvsadkrpzpe/Build/Intermediates.noindex/Groupo.build/Debug-iphonesimulator/Groupo.build/Objects-normal/arm64/Groupo-dependencies-1.json -Xllvm -aarch64-use-tbi -enable-objc-interop -sdk /Applications/Xcode.app/Contents/Developer/Platforms/iPhoneSimulator.platform/Developer/SDKs/iPhoneSimulator26.0.sdk -I /Users/joaoigor/Library/Developer/Xcode/DerivedData/Groupo-dkbenmrrrxpeuaeafdvsadkrpzpe/Build/Products/Debug-iphonesimulator -F /Users/joaoigor/Library/Developer/Xcode/DerivedData/Groupo-dkbenmrrrxpeuaeafdvsadkrpzpe/Build/Products/Debug-iphonesimulator -no-color-diagnostics -Xcc -fno-color-diagnostics -enable-testing -g -debug-info-format\=dwarf -dwarf-version\=5 -module-cache-path /Users/joaoigor/Library/Developer/Xcode/DerivedData/Groupo-dkbenmrrrxpeuaeafdvsadkrpzpe/Build/Intermediates.noindex/SwiftExplicitPrecompiledModules -swift-version 5 -enforce-exclusivity\=checked -Onone -D DEBUG -serialize-debugging-options -const-gather-protocols-file /Users/joaoigor/Library/Developer/Xcode/DerivedData/Groupo-dkbenmrrrxpeuaeafdvsadkrpzpe/Build/Intermediates.noindex/Groupo.build/Debug-iphonesimulator/Groupo.build/Objects-normal/arm64/Groupo_const_extract_protocols.json -enable-upcoming-feature DisableOutwardActorInference -enable-upcoming-feature InferSendableFromCaptures -enable-upcoming-feature GlobalActorIsolatedTypesUsability -enable-upcoming-feature MemberImportVisibility -enable-upcoming-feature InferIsolatedConformances -enable-upcoming-feature NonisolatedNonsendingByDefault -enable-experimental-feature DebugDescriptionMacro -enable-bare-slash-regex -default-isolation\=MainActor -empty-abi-descriptor -validate-clang-modules-once -clang-build-session-file /Users/joaoigor/Library/Developer/Xcode/DerivedData/ModuleCache.noindex/Session.modulevalidation -Xcc -working-directory -Xcc /Users/joaoigor/Developer/Groupo -enable-anonymous-context-mangled-names -file-compilation-dir /Users/joaoigor/Developer/Groupo -Xcc -D_LIBCPP_HARDENING_MODE\=_LIBCPP_HARDENING_MODE_DEBUG -Xcc -ivfsstatcache -Xcc /Users/joaoigor/Library/Developer/Xcode/DerivedData/SDKStatCaches.noindex/iphonesimulator26.0-23A339-26257891a6c027eb51374368541b8346.sdkstatcache -Xcc -I/Users/joaoigor/Library/Developer/Xcode/DerivedData/Groupo-dkbenmrrrxpeuaeafdvsadkrpzpe/Build/Intermediates.noindex/Groupo.build/Debug-iphonesimulator/Groupo.build/swift-overrides.hmap -Xcc -iquote -Xcc /Users/joaoigor/Library/Developer/Xcode/DerivedData/Groupo-dkbenmrrrxpeuaeafdvsadkrpzpe/Build/Intermediates.noindex/Groupo.build/Debug-iphonesimulator/Groupo.build/Groupo-generated-files.hmap -Xcc -I/Users/joaoigor/Library/Developer/Xcode/DerivedData/Groupo-dkbenmrrrxpeuaeafdvsadkrpzpe/Build/Intermediates.noindex/Groupo.build/Debug-iphonesimulator/Groupo.build/Groupo-own-target-headers.hmap -Xcc -I/Users/joaoigor/Library/Developer/Xcode/DerivedData/Groupo-dkbenmrrrxpeuaeafdvsadkrpzpe/Build/Intermediates.noindex/Groupo.build/Debug-iphonesimulator/Groupo.build/Groupo-all-target-headers.hmap -Xcc -iquote -Xcc /Users/joaoigor/Library/Developer/Xcode/DerivedData/Groupo-dkbenmrrrxpeuaeafdvsadkrpzpe/Build/Intermediates.noindex/Groupo.build/Debug-iphonesimulator/Groupo.build/Groupo-project-headers.hmap -Xcc -I/Users/joaoigor/Library/Developer/Xcode/DerivedData/Groupo-dkbenmrrrxpeuaeafdvsadkrpzpe/Build/Products/Debug-iphonesimulator/include -Xcc -I/Users/joaoigor/Library/Developer/Xcode/DerivedData/Groupo-dkbenmrrrxpeuaeafdvsadkrpzpe/Build/Intermediates.noindex/Groupo.build/Debug-iphonesimulator/Groupo.build/DerivedSources-normal/arm64 -Xcc -I/Users/joaoigor/Library/Developer/Xcode/DerivedData/Groupo-dkbenmrrrxpeuaeafdvsadkrpzpe/Build/Intermediates.noindex/Groupo.build/Debug-iphonesimulator/Groupo.build/DerivedSources/arm64 -Xcc -I/Users/joaoigor/Library/Developer/Xcode/DerivedData/Groupo-dkbenmrrrxpeuaeafdvsadkrpzpe/Build/Intermediates.noindex/Groupo.build/Debug-iphonesimulator/Groupo.build/DerivedSources -Xcc -DDEBUG\=1 -no-auto-bridging-header-chaining -module-name Groupo -frontend-parseable-output -disable-clang-spi -target-sdk-version 26.0 -target-sdk-name iphonesimulator26.0 -clang-target arm64-apple-ios26.0-simulator -in-process-plugin-server-path /Applications/Xcode.app/Contents/Developer/Toolchains/XcodeDefault.xctoolchain/usr/lib/swift/host/libSwiftInProcPluginServer.dylib -emit-module-doc-path /Users/joaoigor/Library/Developer/Xcode/DerivedData/Groupo-dkbenmrrrxpeuaeafdvsadkrpzpe/Build/Intermediates.noindex/Groupo.build/Debug-iphonesimulator/Groupo.build/Objects-normal/arm64/Groupo.swiftdoc -emit-module-source-info-path /Users/joaoigor/Library/Developer/Xcode/DerivedData/Groupo-dkbenmrrrxpeuaeafdvsadkrpzpe/Build/Intermediates.noindex/Groupo.build/Debug-iphonesimulator/Groupo.build/Objects-normal/arm64/Groupo.swiftsourceinfo -emit-objc-header-path /Users/joaoigor/Library/Developer/Xcode/DerivedData/Groupo-dkbenmrrrxpeuaeafdvsadkrpzpe/Build/Intermediates.noindex/Groupo.build/Debug-iphonesimulator/Groupo.build/Objects-normal/arm64/Groupo-Swift.h -serialize-diagnostics-path /Users/joaoigor/Library/Developer/Xcode/DerivedData/Groupo-dkbenmrrrxpeuaeafdvsadkrpzpe/Build/Intermediates.noindex/Groupo.build/Debug-iphonesimulator/Groupo.build/Objects-normal/arm64/Groupo-primary-emit-module.dia -emit-dependencies-path /Users/joaoigor/Library/Developer/Xcode/DerivedData/Groupo-dkbenmrrrxpeuaeafdvsadkrpzpe/Build/Intermediates.noindex/Groupo.build/Debug-iphonesimulator/Groupo.build/Objects-normal/arm64/Groupo-primary-emit-module.d -o /Users/joaoigor/Library/Developer/Xcode/DerivedData/Groupo-dkbenmrrrxpeuaeafdvsadkrpzpe/Build/Intermediates.noindex/Groupo.build/Debug-iphonesimulator/Groupo.build/Objects-normal/arm64/Groupo.swiftmodule -emit-abi-descriptor-path /Users/joaoigor/Library/Developer/Xcode/DerivedData/Groupo-dkbenmrrrxpeuaeafdvsadkrpzpe/Build/Intermediates.noindex/Groupo.build/Debug-iphonesimulator/Groupo.build/Objects-normal/arm64/Groupo.abi.json

EmitSwiftModule normal arm64 (in target 'Groupo' from project 'Groupo')
    cd /Users/joaoigor/Developer/Groupo
    
/Users/joaoigor/Developer/Groupo/Groupo/Groupo/Views/Governance/ChallengeDetailView.swift:331:23: error: cannot find 'deadline' in scope
            deadline: deadline,
                      ^~~~~~~~
/Users/joaoigor/Developer/Groupo/Groupo/Groupo/Views/Governance/ChallengeDetailView.swift:345:22: error: missing argument for parameter 'createdDate' in call
            buyIn: 50,
                     ^
                     , createdDate: <#Date#>
/Users/joaoigor/Developer/Groupo/Groupo/Groupo/Models/Challenge.swift:3:8: note: 'init(id:title:description:buyIn:createdDate:deadline:participants:status:proofImage:proofSubmissionUserID:votingFailureReason:validationMode:)' declared here
struct Challenge: Identifiable, Codable, Hashable {
       ^
/Users/joaoigor/Developer/Groupo/Groupo/Groupo/Views/Governance/ChallengeDetailView.swift:362:23: error: cannot find 'deadline' in scope
            deadline: deadline,
                      ^~~~~~~~
/Users/joaoigor/Developer/Groupo/Groupo/Groupo/Views/Governance/ChallengeVotingView.swift:357:23: error: cannot find 'deadline' in scope
            deadline: deadline,
                      ^~~~~~~~
/Users/joaoigor/Developer/Groupo/Groupo/Groupo/Views/Governance/ChallengeVotingView.swift:373:23: error: cannot find 'deadline' in scope
            deadline: deadline,
                      ^~~~~~~~
/Users/joaoigor/Developer/Groupo/Groupo/Groupo/Views/Governance/ChallengeVotingView.swift:5:41: error: cannot find type 'GovernanceViewModel' in scope
    @StateObject private var viewModel: GovernanceViewModel
                                        ^~~~~~~~~~~~~~~~~~~
/Users/joaoigor/Developer/Groupo/Groupo/Groupo/Views/Governance/GovernanceView.swift:6:41: error: cannot find type 'GovernanceViewModel' in scope
    @StateObject private var viewModel: GovernanceViewModel
                                        ^~~~~~~~~~~~~~~~~~~
/Users/joaoigor/Developer/Groupo/Groupo/Groupo/Views/Governance/WithdrawalVotingView.swift:5:41: error: cannot find type 'GovernanceViewModel' in scope
    @StateObject private var viewModel: GovernanceViewModel
                                        ^~~~~~~~~~~~~~~~~~~

SwiftCompile normal arm64 Compiling\ ChallengeDetailView.swift,\ ChallengeVotingView.swift,\ GovernanceView.swift,\ WithdrawalVotingView.swift,\ CreateExpenseView.swift /Users/joaoigor/Developer/Groupo/Groupo/Groupo/Views/Governance/ChallengeDetailView.swift /Users/joaoigor/Developer/Groupo/Groupo/Groupo/Views/Governance/ChallengeVotingView.swift /Users/joaoigor/Developer/Groupo/Groupo/Groupo/Views/Governance/GovernanceView.swift /Users/joaoigor/Developer/Groupo/Groupo/Groupo/Views/Governance/WithdrawalVotingView.swift /Users/joaoigor/Developer/Groupo/Groupo/Groupo/Views/Ledger/CreateExpenseView.swift (in target 'Groupo' from project 'Groupo')

SwiftCompile normal arm64 /Users/joaoigor/Developer/Groupo/Groupo/Groupo/Views/Governance/ChallengeDetailView.swift (in target 'Groupo' from project 'Groupo')
    cd /Users/joaoigor/Developer/Groupo
    

SwiftCompile normal arm64 /Users/joaoigor/Developer/Groupo/Groupo/Groupo/Views/Governance/ChallengeVotingView.swift (in target 'Groupo' from project 'Groupo')
    cd /Users/joaoigor/Developer/Groupo
    

SwiftCompile normal arm64 /Users/joaoigor/Developer/Groupo/Groupo/Groupo/Views/Governance/GovernanceView.swift (in target 'Groupo' from project 'Groupo')
    cd /Users/joaoigor/Developer/Groupo
    

SwiftCompile normal arm64 /Users/joaoigor/Developer/Groupo/Groupo/Groupo/Views/Governance/WithdrawalVotingView.swift (in target 'Groupo' from project 'Groupo')
    cd /Users/joaoigor/Developer/Groupo
    

SwiftCompile normal arm64 /Users/joaoigor/Developer/Groupo/Groupo/Groupo/Views/Ledger/CreateExpenseView.swift (in target 'Groupo' from project 'Groupo')
    cd /Users/joaoigor/Developer/Groupo
    

SwiftCompile normal arm64 Compiling\ CustomSplitView.swift,\ LedgerView.swift,\ TransactionDetailView.swift,\ ActionMenuSheet.swift /Users/joaoigor/Developer/Groupo/Groupo/Groupo/Views/Ledger/CustomSplitView.swift /Users/joaoigor/Developer/Groupo/Groupo/Groupo/Views/Ledger/LedgerView.swift /Users/joaoigor/Developer/Groupo/Groupo/Groupo/Views/Ledger/TransactionDetailView.swift /Users/joaoigor/Developer/Groupo/Groupo/Groupo/Views/Main/ActionMenuSheet.swift (in target 'Groupo' from project 'Groupo')

SwiftCompile normal arm64 /Users/joaoigor/Developer/Groupo/Groupo/Groupo/Views/Ledger/CustomSplitView.swift (in target 'Groupo' from project 'Groupo')
    cd /Users/joaoigor/Developer/Groupo
    

SwiftCompile normal arm64 /Users/joaoigor/Developer/Groupo/Groupo/Groupo/Views/Ledger/LedgerView.swift (in target 'Groupo' from project 'Groupo')
    cd /Users/joaoigor/Developer/Groupo
    

SwiftCompile normal arm64 /Users/joaoigor/Developer/Groupo/Groupo/Groupo/Views/Ledger/TransactionDetailView.swift (in target 'Groupo' from project 'Groupo')
    cd /Users/joaoigor/Developer/Groupo
    

SwiftCompile normal arm64 /Users/joaoigor/Developer/Groupo/Groupo/Groupo/Views/Main/ActionMenuSheet.swift (in target 'Groupo' from project 'Groupo')
    cd /Users/joaoigor/Developer/Groupo
    

SwiftCompile normal arm64 Compiling\ PIXKeysView.swift,\ ProfileView.swift,\ GroupoApp.swift,\ GeneratedAssetSymbols.swift /Users/joaoigor/Developer/Groupo/Groupo/Groupo/Views/Profile/PIXKeysView.swift /Users/joaoigor/Developer/Groupo/Groupo/Groupo/Views/Profile/ProfileView.swift /Users/joaoigor/Developer/Groupo/Groupo/Groupo/GroupoApp.swift /Users/joaoigor/Library/Developer/Xcode/DerivedData/Groupo-dkbenmrrrxpeuaeafdvsadkrpzpe/Build/Intermediates.noindex/Groupo.build/Debug-iphonesimulator/Groupo.build/DerivedSources/GeneratedAssetSymbols.swift (in target 'Groupo' from project 'Groupo')
Failed frontend command:
/Applications/Xcode.app/Contents/Developer/Toolchains/XcodeDefault.xctoolchain/usr/bin/swift-frontend -frontend -c /Users/joaoigor/Developer/Groupo/Groupo/Groupo/Coordinators/Coordinator.swift /Users/joaoigor/Developer/Groupo/Groupo/Groupo/Coordinators/MainCoordinator.swift /Users/joaoigor/Developer/Groupo/Groupo/Groupo/Models/Challenge.swift /Users/joaoigor/Developer/Groupo/Groupo/Groupo/Models/Group.swift /Users/joaoigor/Developer/Groupo/Groupo/Groupo/Models/Transaction.swift /Users/joaoigor/Developer/Groupo/Groupo/Groupo/Models/User.swift /Users/joaoigor/Developer/Groupo/Groupo/Groupo/Models/Vote.swift /Users/joaoigor/Developer/Groupo/Groupo/Groupo/Models/WithdrawalRequest.swift /Users/joaoigor/Developer/Groupo/Groupo/Groupo/Services/MockDataService.swift /Users/joaoigor/Developer/Groupo/Groupo/Groupo/Services/NetworkService.swift /Users/joaoigor/Developer/Groupo/Groupo/Groupo/Utils/Font+Theme.swift /Users/joaoigor/Developer/Groupo/Groupo/Groupo/Utils/HapticManager.swift /Users/joaoigor/Developer/Groupo/Groupo/Groupo/Utils/NavigationRouter.swift /Users/joaoigor/Developer/Groupo/Groupo/Groupo/Utils/Theme.swift /Users/joaoigor/Developer/Groupo/Groupo/Groupo/Utils/ToastManager.swift /Users/joaoigor/Developer/Groupo/Groupo/Groupo/ViewModels/Dashboard/MemberListViewModel.swift /Users/joaoigor/Developer/Groupo/Groupo/Groupo/ViewModels/ContentViewModel.swift /Users/joaoigor/Developer/Groupo/Groupo/Groupo/ViewModels/CreateChallengeViewModel.swift /Users/joaoigor/Developer/Groupo/Groupo/Groupo/ViewModels/CreateExpenseViewModel.swift /Users/joaoigor/Developer/Groupo/Groupo/Groupo/ViewModels/DashboardViewModel.swift /Users/joaoigor/Developer/Groupo/Groupo/Groupo/ViewModels/GovernanceViewModel.swift /Users/joaoigor/Developer/Groupo/Groupo/Groupo/ViewModels/InviteLandingViewModel.swift /Users/joaoigor/Developer/Groupo/Groupo/Groupo/ViewModels/LedgerViewModel.swift /Users/joaoigor/Developer/Groupo/Groupo/Groupo/ViewModels/MainViewModel.swift /Users/joaoigor/Developer/Groupo/Groupo/Groupo/ViewModels/ProfileViewModel.swift /Users/joaoigor/Developer/Groupo/Groupo/Groupo/ViewModels/RequestWithdrawalViewModel.swift /Users/joaoigor/Developer/Groupo/Groupo/Groupo/Views/ActionHub/CreateChallengeView.swift /Users/joaoigor/Developer/Groupo/Groupo/Groupo/Views/Components/AdaptiveSheet.swift /Users/joaoigor/Developer/Groupo/Groupo/Groupo/Views/Components/CardContainer.swift /Users/joaoigor/Developer/Groupo/Groupo/Groupo/Views/Components/InputField.swift /Users/joaoigor/Developer/Groupo/Groupo/Groupo/Views/Components/PrimaryButton.swift /Users/joaoigor/Developer/Groupo/Groupo/Groupo/Views/Components/SecondaryButton.swift /Users/joaoigor/Developer/Groupo/Groupo/Groupo/Views/Components/SkeletonView.swift /Users/joaoigor/Developer/Groupo/Groupo/Groupo/Views/Components/ToastView.swift /Users/joaoigor/Developer/Groupo/Groupo/Groupo/Views/Dashboard/Components/ActivityFeedView.swift /Users/joaoigor/Developer/Groupo/Groupo/Groupo/Views/Dashboard/Components/MemberDetailView.swift /Users/joaoigor/Developer/Groupo/Groupo/Groupo/Views/Dashboard/Components/MemberListView.swift /Users/joaoigor/Developer/Groupo/Groupo/Groupo/Views/Dashboard/ActiveChallengeCard.swift /Users/joaoigor/Developer/Groupo/Groupo/Groupo/Views/Dashboard/DashboardView.swift /Users/joaoigor/Developer/Groupo/Groupo/Groupo/Views/Dashboard/PersonalStakeCard.swift /Users/joaoigor/Developer/Groupo/Groupo/Groupo/Views/Governance/ChallengeDetailView.swift /Users/joaoigor/Developer/Groupo/Groupo/Groupo/Views/Governance/ChallengeVotingView.swift /Users/joaoigor/Developer/Groupo/Groupo/Groupo/Views/Governance/GovernanceView.swift /Users/joaoigor/Developer/Groupo/Groupo/Groupo/Views/Governance/WithdrawalVotingView.swift /Users/joaoigor/Developer/Groupo/Groupo/Groupo/Views/Ledger/CreateExpenseView.swift /Users/joaoigor/Developer/Groupo/Groupo/Groupo/Views/Ledger/CustomSplitView.swift /Users/joaoigor/Developer/Groupo/Groupo/Groupo/Views/Ledger/LedgerView.swift /Users/joaoigor/Developer/Groupo/Groupo/Groupo/Views/Ledger/TransactionDetailView.swift /Users/joaoigor/Developer/Groupo/Groupo/Groupo/Views/Main/ActionMenuSheet.swift /Users/joaoigor/Developer/Groupo/Groupo/Groupo/Views/Main/MainTabView.swift /Users/joaoigor/Developer/Groupo/Groupo/Groupo/Views/Main/RequestWithdrawalView.swift /Users/joaoigor/Developer/Groupo/Groupo/Groupo/Views/Onboarding/InviteLandingView.swift /Users/joaoigor/Developer/Groupo/Groupo/Groupo/Views/Profile/AppSettingsView.swift -primary-file /Users/joaoigor/Developer/Groupo/Groupo/Groupo/Views/Profile/PIXKeysView.swift -primary-file /Users/joaoigor/Developer/Groupo/Groupo/Groupo/Views/Profile/ProfileView.swift -primary-file /Users/joaoigor/Developer/Groupo/Groupo/Groupo/GroupoApp.swift -primary-file /Users/joaoigor/Library/Developer/Xcode/DerivedData/Groupo-dkbenmrrrxpeuaeafdvsadkrpzpe/Build/Intermediates.noindex/Groupo.build/Debug-iphonesimulator/Groupo.build/DerivedSources/GeneratedAssetSymbols.swift -supplementary-output-file-map /Users/joaoigor/Library/Developer/Xcode/DerivedData/Groupo-dkbenmrrrxpeuaeafdvsadkrpzpe/Build/Intermediates.noindex/Groupo.build/Debug-iphonesimulator/Groupo.build/Objects-normal/arm64/supplementaryOutputs-11 -emit-localized-strings -emit-localized-strings-path /Users/joaoigor/Library/Developer/Xcode/DerivedData/Groupo-dkbenmrrrxpeuaeafdvsadkrpzpe/Build/Intermediates.noindex/Groupo.build/Debug-iphonesimulator/Groupo.build/Objects-normal/arm64 -target arm64-apple-ios26.0-simulator -module-can-import-version DeveloperToolsSupport 23.0.4 23.0.4 -module-can-import-version SwiftUI 7.0.84.1 7.0.84 -module-can-import-version UIKit 9088.1.113 9088.1.113 -disable-cross-import-overlay-search -swift-module-cross-import PhotosUI /Applications/Xcode.app/Contents/Developer/Platforms/iPhoneSimulator.platform/Developer/SDKs/iPhoneSimulator.sdk/System/Library/Frameworks/PhotosUI.framework/Modules/PhotosUI.swiftcrossimport/SwiftUI.swiftoverlay -swift-module-cross-import PhotosUI /Applications/Xcode.app/Contents/Developer/Platforms/iPhoneSimulator.platform/Developer/SDKs/iPhoneSimulator.sdk/System/Library/Frameworks/PhotosUI.framework/Modules/PhotosUI.swiftcrossimport/WidgetKit.swiftoverlay -swift-module-cross-import PhotosUI /Applications/Xcode.app/Contents/Developer/Platforms/iPhoneSimulator.platform/Developer/SDKs/iPhoneSimulator26.0.sdk/System/Library/Frameworks/PhotosUI.framework/Modules/PhotosUI.swiftcrossimport/SwiftUI.swiftoverlay -swift-module-cross-import PhotosUI /Applications/Xcode.app/Contents/Developer/Platforms/iPhoneSimulator.platform/Developer/SDKs/iPhoneSimulator26.0.sdk/System/Library/Frameworks/PhotosUI.framework/Modules/PhotosUI.swiftcrossimport/WidgetKit.swiftoverlay -load-resolved-plugin /Applications/Xcode.app/Contents/Developer/Platforms/iPhoneOS.platform/Developer/usr/lib/swift/host/plugins/libFoundationMacros.dylib\#/Applications/Xcode.app/Contents/Developer/Platforms/iPhoneOS.platform/Developer/usr/bin/swift-plugin-server\#FoundationMacros -load-resolved-plugin /Applications/Xcode.app/Contents/Developer/Platforms/iPhoneOS.platform/Developer/usr/lib/swift/host/plugins/libObservationMacros.dylib\#/Applications/Xcode.app/Contents/Developer/Platforms/iPhoneOS.platform/Developer/usr/bin/swift-plugin-server\#ObservationMacros -load-resolved-plugin /Applications/Xcode.app/Contents/Developer/Platforms/iPhoneOS.platform/Developer/usr/lib/swift/host/plugins/libPreviewsMacros.dylib\#/Applications/Xcode.app/Contents/Developer/Platforms/iPhoneOS.platform/Developer/usr/bin/swift-plugin-server\#PreviewsMacros -load-resolved-plugin /Applications/Xcode.app/Contents/Developer/Platforms/iPhoneOS.platform/Developer/usr/lib/swift/host/plugins/libSwiftMacros.dylib\#/Applications/Xcode.app/Contents/Developer/Platforms/iPhoneOS.platform/Developer/usr/bin/swift-plugin-server\#SwiftMacros -load-resolved-plugin /Applications/Xcode.app/Contents/Developer/Platforms/iPhoneOS.platform/Developer/usr/lib/swift/host/plugins/libSwiftUIMacros.dylib\#/Applications/Xcode.app/Contents/Developer/Platforms/iPhoneOS.platform/Developer/usr/bin/swift-plugin-server\#SwiftUIMacros -disable-implicit-swift-modules -Xcc -fno-implicit-modules -Xcc -fno-implicit-module-maps -explicit-swift-module-map-file /Users/joaoigor/Library/Developer/Xcode/DerivedData/Groupo-dkbenmrrrxpeuaeafdvsadkrpzpe/Build/Intermediates.noindex/Groupo.build/Debug-iphonesimulator/Groupo.build/Objects-normal/arm64/Groupo-dependencies-1.json -Xllvm -aarch64-use-tbi -enable-objc-interop -sdk /Applications/Xcode.app/Contents/Developer/Platforms/iPhoneSimulator.platform/Developer/SDKs/iPhoneSimulator26.0.sdk -I /Users/joaoigor/Library/Developer/Xcode/DerivedData/Groupo-dkbenmrrrxpeuaeafdvsadkrpzpe/Build/Products/Debug-iphonesimulator -F /Users/joaoigor/Library/Developer/Xcode/DerivedData/Groupo-dkbenmrrrxpeuaeafdvsadkrpzpe/Build/Products/Debug-iphonesimulator -no-color-diagnostics -Xcc -fno-color-diagnostics -enable-testing -g -debug-info-format\=dwarf -dwarf-version\=5 -module-cache-path /Users/joaoigor/Library/Developer/Xcode/DerivedData/Groupo-dkbenmrrrxpeuaeafdvsadkrpzpe/Build/Intermediates.noindex/SwiftExplicitPrecompiledModules -swift-version 5 -enforce-exclusivity\=checked -Onone -D DEBUG -serialize-debugging-options -const-gather-protocols-file /Users/joaoigor/Library/Developer/Xcode/DerivedData/Groupo-dkbenmrrrxpeuaeafdvsadkrpzpe/Build/Intermediates.noindex/Groupo.build/Debug-iphonesimulator/Groupo.build/Objects-normal/arm64/Groupo_const_extract_protocols.json -enable-upcoming-feature DisableOutwardActorInference -enable-upcoming-feature InferSendableFromCaptures -enable-upcoming-feature GlobalActorIsolatedTypesUsability -enable-upcoming-feature MemberImportVisibility -enable-upcoming-feature InferIsolatedConformances -enable-upcoming-feature NonisolatedNonsendingByDefault -enable-experimental-feature DebugDescriptionMacro -enable-bare-slash-regex -default-isolation\=MainActor -empty-abi-descriptor -validate-clang-modules-once -clang-build-session-file /Users/joaoigor/Library/Developer/Xcode/DerivedData/ModuleCache.noindex/Session.modulevalidation -Xcc -working-directory -Xcc /Users/joaoigor/Developer/Groupo -enable-anonymous-context-mangled-names -file-compilation-dir /Users/joaoigor/Developer/Groupo -Xcc -D_LIBCPP_HARDENING_MODE\=_LIBCPP_HARDENING_MODE_DEBUG -Xcc -ivfsstatcache -Xcc /Users/joaoigor/Library/Developer/Xcode/DerivedData/SDKStatCaches.noindex/iphonesimulator26.0-23A339-26257891a6c027eb51374368541b8346.sdkstatcache -Xcc -I/Users/joaoigor/Library/Developer/Xcode/DerivedData/Groupo-dkbenmrrrxpeuaeafdvsadkrpzpe/Build/Intermediates.noindex/Groupo.build/Debug-iphonesimulator/Groupo.build/swift-overrides.hmap -Xcc -iquote -Xcc /Users/joaoigor/Library/Developer/Xcode/DerivedData/Groupo-dkbenmrrrxpeuaeafdvsadkrpzpe/Build/Intermediates.noindex/Groupo.build/Debug-iphonesimulator/Groupo.build/Groupo-generated-files.hmap -Xcc -I/Users/joaoigor/Library/Developer/Xcode/DerivedData/Groupo-dkbenmrrrxpeuaeafdvsadkrpzpe/Build/Intermediates.noindex/Groupo.build/Debug-iphonesimulator/Groupo.build/Groupo-own-target-headers.hmap -Xcc -I/Users/joaoigor/Library/Developer/Xcode/DerivedData/Groupo-dkbenmrrrxpeuaeafdvsadkrpzpe/Build/Intermediates.noindex/Groupo.build/Debug-iphonesimulator/Groupo.build/Groupo-all-target-headers.hmap -Xcc -iquote -Xcc /Users/joaoigor/Library/Developer/Xcode/DerivedData/Groupo-dkbenmrrrxpeuaeafdvsadkrpzpe/Build/Intermediates.noindex/Groupo.build/Debug-iphonesimulator/Groupo.build/Groupo-project-headers.hmap -Xcc -I/Users/joaoigor/Library/Developer/Xcode/DerivedData/Groupo-dkbenmrrrxpeuaeafdvsadkrpzpe/Build/Products/Debug-iphonesimulator/include -Xcc -I/Users/joaoigor/Library/Developer/Xcode/DerivedData/Groupo-dkbenmrrrxpeuaeafdvsadkrpzpe/Build/Intermediates.noindex/Groupo.build/Debug-iphonesimulator/Groupo.build/DerivedSources-normal/arm64 -Xcc -I/Users/joaoigor/Library/Developer/Xcode/DerivedData/Groupo-dkbenmrrrxpeuaeafdvsadkrpzpe/Build/Intermediates.noindex/Groupo.build/Debug-iphonesimulator/Groupo.build/DerivedSources/arm64 -Xcc -I/Users/joaoigor/Library/Developer/Xcode/DerivedData/Groupo-dkbenmrrrxpeuaeafdvsadkrpzpe/Build/Intermediates.noindex/Groupo.build/Debug-iphonesimulator/Groupo.build/DerivedSources -Xcc -DDEBUG\=1 -no-auto-bridging-header-chaining -module-name Groupo -frontend-parseable-output -disable-clang-spi -target-sdk-version 26.0 -target-sdk-name iphonesimulator26.0 -clang-target arm64-apple-ios26.0-simulator -in-process-plugin-server-path /Applications/Xcode.app/Contents/Developer/Toolchains/XcodeDefault.xctoolchain/usr/lib/swift/host/libSwiftInProcPluginServer.dylib -o /Users/joaoigor/Library/Developer/Xcode/DerivedData/Groupo-dkbenmrrrxpeuaeafdvsadkrpzpe/Build/Intermediates.noindex/Groupo.build/Debug-iphonesimulator/Groupo.build/Objects-normal/arm64/PIXKeysView.o -o /Users/joaoigor/Library/Developer/Xcode/DerivedData/Groupo-dkbenmrrrxpeuaeafdvsadkrpzpe/Build/Intermediates.noindex/Groupo.build/Debug-iphonesimulator/Groupo.build/Objects-normal/arm64/ProfileView.o -o /Users/joaoigor/Library/Developer/Xcode/DerivedData/Groupo-dkbenmrrrxpeuaeafdvsadkrpzpe/Build/Intermediates.noindex/Groupo.build/Debug-iphonesimulator/Groupo.build/Objects-normal/arm64/GroupoApp.o -o /Users/joaoigor/Library/Developer/Xcode/DerivedData/Groupo-dkbenmrrrxpeuaeafdvsadkrpzpe/Build/Intermediates.noindex/Groupo.build/Debug-iphonesimulator/Groupo.build/Objects-normal/arm64/GeneratedAssetSymbols.o -index-unit-output-path /Groupo.build/Debug-iphonesimulator/Groupo.build/Objects-normal/arm64/PIXKeysView.o -index-unit-output-path /Groupo.build/Debug-iphonesimulator/Groupo.build/Objects-normal/arm64/ProfileView.o -index-unit-output-path /Groupo.build/Debug-iphonesimulator/Groupo.build/Objects-normal/arm64/GroupoApp.o -index-unit-output-path /Groupo.build/Debug-iphonesimulator/Groupo.build/Objects-normal/arm64/GeneratedAssetSymbols.o -index-store-path /Users/joaoigor/Library/Developer/Xcode/DerivedData/Groupo-dkbenmrrrxpeuaeafdvsadkrpzpe/Index.noindex/DataStore -index-system-modules

SwiftCompile normal arm64 /Users/joaoigor/Developer/Groupo/Groupo/Groupo/Views/Profile/PIXKeysView.swift (in target 'Groupo' from project 'Groupo')
    cd /Users/joaoigor/Developer/Groupo
    
/Users/joaoigor/Developer/Groupo/Groupo/Groupo/Views/Governance/ChallengeDetailView.swift:331:23: error: cannot find 'deadline' in scope
            deadline: deadline,
                      ^~~~~~~~
/Users/joaoigor/Developer/Groupo/Groupo/Groupo/Views/Governance/ChallengeDetailView.swift:345:22: error: missing argument for parameter 'createdDate' in call
            buyIn: 50,
                     ^
                     , createdDate: <#Date#>
/Users/joaoigor/Developer/Groupo/Groupo/Groupo/Models/Challenge.swift:3:8: note: 'init(id:title:description:buyIn:createdDate:deadline:participants:status:proofImage:proofSubmissionUserID:votingFailureReason:validationMode:)' declared here
struct Challenge: Identifiable, Codable, Hashable {
       ^
/Users/joaoigor/Developer/Groupo/Groupo/Groupo/Views/Governance/ChallengeDetailView.swift:362:23: error: cannot find 'deadline' in scope
            deadline: deadline,
                      ^~~~~~~~
/Users/joaoigor/Developer/Groupo/Groupo/Groupo/Views/Governance/ChallengeVotingView.swift:357:23: error: cannot find 'deadline' in scope
            deadline: deadline,
                      ^~~~~~~~
/Users/joaoigor/Developer/Groupo/Groupo/Groupo/Views/Governance/ChallengeVotingView.swift:373:23: error: cannot find 'deadline' in scope
            deadline: deadline,
                      ^~~~~~~~

SwiftCompile normal arm64 /Users/joaoigor/Developer/Groupo/Groupo/Groupo/Views/Profile/ProfileView.swift (in target 'Groupo' from project 'Groupo')
    cd /Users/joaoigor/Developer/Groupo
    

SwiftCompile normal arm64 /Users/joaoigor/Developer/Groupo/Groupo/Groupo/GroupoApp.swift (in target 'Groupo' from project 'Groupo')
    cd /Users/joaoigor/Developer/Groupo
    

SwiftCompile normal arm64 /Users/joaoigor/Library/Developer/Xcode/DerivedData/Groupo-dkbenmrrrxpeuaeafdvsadkrpzpe/Build/Intermediates.noindex/Groupo.build/Debug-iphonesimulator/Groupo.build/DerivedSources/GeneratedAssetSymbols.swift (in target 'Groupo' from project 'Groupo')
    cd /Users/joaoigor/Developer/Groupo
    

SwiftCompile normal arm64 Compiling\ PrimaryButton.swift,\ SecondaryButton.swift,\ SkeletonView.swift,\ ToastView.swift,\ ActivityFeedView.swift /Users/joaoigor/Developer/Groupo/Groupo/Groupo/Views/Components/PrimaryButton.swift /Users/joaoigor/Developer/Groupo/Groupo/Groupo/Views/Components/SecondaryButton.swift /Users/joaoigor/Developer/Groupo/Groupo/Groupo/Views/Components/SkeletonView.swift /Users/joaoigor/Developer/Groupo/Groupo/Groupo/Views/Components/ToastView.swift /Users/joaoigor/Developer/Groupo/Groupo/Groupo/Views/Dashboard/Components/ActivityFeedView.swift (in target 'Groupo' from project 'Groupo')

SwiftCompile normal arm64 /Users/joaoigor/Developer/Groupo/Groupo/Groupo/Views/Components/PrimaryButton.swift (in target 'Groupo' from project 'Groupo')
    cd /Users/joaoigor/Developer/Groupo
    

SwiftCompile normal arm64 /Users/joaoigor/Developer/Groupo/Groupo/Groupo/Views/Components/SecondaryButton.swift (in target 'Groupo' from project 'Groupo')
    cd /Users/joaoigor/Developer/Groupo
    

SwiftCompile normal arm64 /Users/joaoigor/Developer/Groupo/Groupo/Groupo/Views/Components/SkeletonView.swift (in target 'Groupo' from project 'Groupo')
    cd /Users/joaoigor/Developer/Groupo
    

SwiftCompile normal arm64 /Users/joaoigor/Developer/Groupo/Groupo/Groupo/Views/Components/ToastView.swift (in target 'Groupo' from project 'Groupo')
    cd /Users/joaoigor/Developer/Groupo
    

SwiftCompile normal arm64 /Users/joaoigor/Developer/Groupo/Groupo/Groupo/Views/Dashboard/Components/ActivityFeedView.swift (in target 'Groupo' from project 'Groupo')
    cd /Users/joaoigor/Developer/Groupo
    

SwiftCompile normal arm64 Compiling\ MemberDetailView.swift,\ MemberListView.swift,\ ActiveChallengeCard.swift,\ DashboardView.swift,\ PersonalStakeCard.swift /Users/joaoigor/Developer/Groupo/Groupo/Groupo/Views/Dashboard/Components/MemberDetailView.swift /Users/joaoigor/Developer/Groupo/Groupo/Groupo/Views/Dashboard/Components/MemberListView.swift /Users/joaoigor/Developer/Groupo/Groupo/Groupo/Views/Dashboard/ActiveChallengeCard.swift /Users/joaoigor/Developer/Groupo/Groupo/Groupo/Views/Dashboard/DashboardView.swift /Users/joaoigor/Developer/Groupo/Groupo/Groupo/Views/Dashboard/PersonalStakeCard.swift (in target 'Groupo' from project 'Groupo')

SwiftCompile normal arm64 /Users/joaoigor/Developer/Groupo/Groupo/Groupo/Views/Dashboard/Components/MemberDetailView.swift (in target 'Groupo' from project 'Groupo')
    cd /Users/joaoigor/Developer/Groupo
    

SwiftCompile normal arm64 /Users/joaoigor/Developer/Groupo/Groupo/Groupo/Views/Dashboard/Components/MemberListView.swift (in target 'Groupo' from project 'Groupo')
    cd /Users/joaoigor/Developer/Groupo
    

SwiftCompile normal arm64 /Users/joaoigor/Developer/Groupo/Groupo/Groupo/Views/Dashboard/ActiveChallengeCard.swift (in target 'Groupo' from project 'Groupo')
    cd /Users/joaoigor/Developer/Groupo
    

SwiftCompile normal arm64 /Users/joaoigor/Developer/Groupo/Groupo/Groupo/Views/Dashboard/DashboardView.swift (in target 'Groupo' from project 'Groupo')
    cd /Users/joaoigor/Developer/Groupo
    

SwiftCompile normal arm64 /Users/joaoigor/Developer/Groupo/Groupo/Groupo/Views/Dashboard/PersonalStakeCard.swift (in target 'Groupo' from project 'Groupo')
    cd /Users/joaoigor/Developer/Groupo
    

SwiftCompile normal arm64 Compiling\ Coordinator.swift,\ MainCoordinator.swift,\ Challenge.swift,\ Group.swift,\ Transaction.swift /Users/joaoigor/Developer/Groupo/Groupo/Groupo/Coordinators/Coordinator.swift /Users/joaoigor/Developer/Groupo/Groupo/Groupo/Coordinators/MainCoordinator.swift /Users/joaoigor/Developer/Groupo/Groupo/Groupo/Models/Challenge.swift /Users/joaoigor/Developer/Groupo/Groupo/Groupo/Models/Group.swift /Users/joaoigor/Developer/Groupo/Groupo/Groupo/Models/Transaction.swift (in target 'Groupo' from project 'Groupo')

SwiftCompile normal arm64 /Users/joaoigor/Developer/Groupo/Groupo/Groupo/Coordinators/Coordinator.swift (in target 'Groupo' from project 'Groupo')
    cd /Users/joaoigor/Developer/Groupo
    

SwiftCompile normal arm64 /Users/joaoigor/Developer/Groupo/Groupo/Groupo/Coordinators/MainCoordinator.swift (in target 'Groupo' from project 'Groupo')
    cd /Users/joaoigor/Developer/Groupo
    

SwiftCompile normal arm64 /Users/joaoigor/Developer/Groupo/Groupo/Groupo/Models/Challenge.swift (in target 'Groupo' from project 'Groupo')
    cd /Users/joaoigor/Developer/Groupo
    

SwiftCompile normal arm64 /Users/joaoigor/Developer/Groupo/Groupo/Groupo/Models/Group.swift (in target 'Groupo' from project 'Groupo')
    cd /Users/joaoigor/Developer/Groupo
    

SwiftCompile normal arm64 /Users/joaoigor/Developer/Groupo/Groupo/Groupo/Models/Transaction.swift (in target 'Groupo' from project 'Groupo')
    cd /Users/joaoigor/Developer/Groupo
    

SwiftCompile normal arm64 Compiling\ MainTabView.swift,\ RequestWithdrawalView.swift,\ InviteLandingView.swift,\ AppSettingsView.swift /Users/joaoigor/Developer/Groupo/Groupo/Groupo/Views/Main/MainTabView.swift /Users/joaoigor/Developer/Groupo/Groupo/Groupo/Views/Main/RequestWithdrawalView.swift /Users/joaoigor/Developer/Groupo/Groupo/Groupo/Views/Onboarding/InviteLandingView.swift /Users/joaoigor/Developer/Groupo/Groupo/Groupo/Views/Profile/AppSettingsView.swift (in target 'Groupo' from project 'Groupo')

SwiftCompile normal arm64 /Users/joaoigor/Developer/Groupo/Groupo/Groupo/Views/Main/MainTabView.swift (in target 'Groupo' from project 'Groupo')
    cd /Users/joaoigor/Developer/Groupo
    

SwiftCompile normal arm64 /Users/joaoigor/Developer/Groupo/Groupo/Groupo/Views/Main/RequestWithdrawalView.swift (in target 'Groupo' from project 'Groupo')
    cd /Users/joaoigor/Developer/Groupo
    

SwiftCompile normal arm64 /Users/joaoigor/Developer/Groupo/Groupo/Groupo/Views/Onboarding/InviteLandingView.swift (in target 'Groupo' from project 'Groupo')
    cd /Users/joaoigor/Developer/Groupo
    

SwiftCompile normal arm64 /Users/joaoigor/Developer/Groupo/Groupo/Groupo/Views/Profile/AppSettingsView.swift (in target 'Groupo' from project 'Groupo')
    cd /Users/joaoigor/Developer/Groupo
    

SwiftDriverJobDiscovery normal arm64 Compiling Coordinator.swift, MainCoordinator.swift, Challenge.swift, Group.swift, Transaction.swift (in target 'Groupo' from project 'Groupo')

SwiftCompile normal arm64 Compiling\ MemberListViewModel.swift /Users/joaoigor/Developer/Groupo/Groupo/Groupo/ViewModels/Dashboard/MemberListViewModel.swift (in target 'Groupo' from project 'Groupo')

note: Disabling hardened runtime with ad-hoc codesigning. (in target 'Groupo' from project 'Groupo')
** BUILD FAILED **


The following build commands failed:
	SwiftEmitModule normal arm64 Emitting\ module\ for\ Groupo (in target 'Groupo' from project 'Groupo')
	EmitSwiftModule normal arm64 (in target 'Groupo' from project 'Groupo')
	SwiftCompile normal arm64 Compiling\ PIXKeysView.swift,\ ProfileView.swift,\ GroupoApp.swift,\ GeneratedAssetSymbols.swift /Users/joaoigor/Developer/Groupo/Groupo/Groupo/Views/Profile/PIXKeysView.swift /Users/joaoigor/Developer/Groupo/Groupo/Groupo/Views/Profile/ProfileView.swift /Users/joaoigor/Developer/Groupo/Groupo/Groupo/GroupoApp.swift /Users/joaoigor/Library/Developer/Xcode/DerivedData/Groupo-dkbenmrrrxpeuaeafdvsadkrpzpe/Build/Intermediates.noindex/Groupo.build/Debug-iphonesimulator/Groupo.build/DerivedSources/GeneratedAssetSymbols.swift (in target 'Groupo' from project 'Groupo')
	SwiftCompile normal arm64 /Users/joaoigor/Developer/Groupo/Groupo/Groupo/Views/Profile/PIXKeysView.swift (in target 'Groupo' from project 'Groupo')
	Building project Groupo with scheme Groupo
(5 failures)
